2021-08-13 15:48:42,773 — battle.py — INFO — <module>:53 — Defenders (4333383408): 150 of amazones as Squer 12x12 + 6.
2021-08-13 15:48:42,773 — battle.py — INFO — <module>:54 — Attackers (4333382400): 120 of mumbhoo as Phalanx 10x12 + 0.
2021-08-13 15:48:42,776 — battle.py — INFO — history:888 — amazones damaged. Loss: 12. [000.005233]
2021-08-13 15:48:42,776 — battle.py — INFO — history:888 — 4333383408 took damage and left 138 amazones (92% of power, 9.50 of armory resource left). [000.005233]
2021-08-13 15:48:42,776 — battle.py — INFO — distributeDamage:1183 — 4333382400 has not lose from enemy attack.
2021-08-13 15:48:42,776 — battle.py — INFO — history:888 — amazones damaged. Loss: 12. [000.005333]
2021-08-13 15:48:42,776 — battle.py — INFO — history:888 — 4333383408 took damage and left 126 amazones (84% of power, 9.00 of armory resource left). [000.005333]
2021-08-13 15:48:42,776 — battle.py — INFO — history:888 — mumbhoo damaged. Loss: 9. [000.005333]
2021-08-13 15:48:42,776 — battle.py — INFO — history:888 — 4333382400 took damage and left 111 mumbhoo (92% of power, 4.00 of armory resource left). [000.005333]
2021-08-13 15:48:42,776 — battle.py — INFO — history:888 — amazones damaged. Loss: 10. [000.005433]
2021-08-13 15:48:42,776 — battle.py — INFO — history:888 — 4333383408 took damage and left 116 amazones (77% of power, 8.50 of armory resource left). [000.005433]
2021-08-13 15:48:42,776 — battle.py — INFO — history:888 — mumbhoo damaged. Loss: 10. [000.005433]
2021-08-13 15:48:42,777 — battle.py — INFO — history:888 — 4333382400 took damage and left 101 mumbhoo (84% of power, 3.50 of armory resource left). [000.005433]
2021-08-13 15:48:42,777 — battle.py — INFO — history:888 — amazones damaged. Loss: 12. [000.005533]
2021-08-13 15:48:42,777 — battle.py — INFO — history:888 — 4333383408 took damage and left 104 amazones (69% of power, 8.00 of armory resource left). [000.005533]
2021-08-13 15:48:42,777 — battle.py — INFO — history:888 — mumbhoo damaged. Loss: 7. [000.005533]
2021-08-13 15:48:42,777 — battle.py — INFO — history:888 — 4333382400 took damage and left 94 mumbhoo (78% of power, 3.00 of armory resource left). [000.005533]
2021-08-13 15:48:42,777 — battle.py — INFO — history:888 — amazones damaged. Loss: 12. [000.005633]
2021-08-13 15:48:42,777 — battle.py — INFO — history:888 — 4333383408 took damage and left 92 amazones (61% of power, 7.50 of armory resource left). [000.005633]
2021-08-13 15:48:42,777 — battle.py — INFO — history:888 — mumbhoo damaged. Loss: 5. [000.005633]
2021-08-13 15:48:42,777 — battle.py — INFO — history:888 — 4333382400 took damage and left 89 mumbhoo (74% of power, 2.50 of armory resource left). [000.005633]
2021-08-13 15:48:42,777 — battle.py — INFO — history:888 — amazones damaged. Loss: 10. [000.005733]
2021-08-13 15:48:42,777 — battle.py — INFO — history:888 — 4333383408 took damage and left 82 amazones (55% of power, 7.00 of armory resource left). [000.005733]
2021-08-13 15:48:42,777 — battle.py — INFO — history:888 — mumbhoo damaged. Loss: 9. [000.005733]
2021-08-13 15:48:42,777 — battle.py — INFO — history:888 — 4333382400 took damage and left 80 mumbhoo (67% of power, 2.00 of armory resource left). [000.005733]
2021-08-13 15:48:42,777 — battle.py — INFO — history:888 — amazones damaged. Loss: 9. [000.005833]
2021-08-13 15:48:42,778 — battle.py — INFO — history:888 — 4333383408 took damage and left 73 amazones (49% of power, 6.50 of armory resource left). [000.005833]
2021-08-13 15:48:42,778 — battle.py — INFO — history:888 — mumbhoo damaged. Loss: 9. [000.005833]
2021-08-13 15:48:42,778 — battle.py — INFO — history:888 — 4333382400 took damage and left 71 mumbhoo (59% of power, 1.50 of armory resource left). [000.005833]
2021-08-13 15:48:42,778 — battle.py — INFO — history:888 — amazones damaged. Loss: 12. [000.005933]
2021-08-13 15:48:42,778 — battle.py — INFO — history:888 — 4333383408 took damage and left 61 amazones (41% of power, 6.00 of armory resource left). [000.005933]
2021-08-13 15:48:42,778 — battle.py — INFO — history:888 — mumbhoo damaged. Loss: 1. [000.005933]
2021-08-13 15:48:42,778 — battle.py — INFO — history:888 — 4333382400 took damage and left 70 mumbhoo (58% of power, 1.00 of armory resource left). [000.005933]
2021-08-13 15:48:42,778 — battle.py — INFO — history:888 — amazones damaged. Loss: 12. [000.006033]
2021-08-13 15:48:42,778 — battle.py — INFO — history:888 — 4333383408 took damage and left 49 amazones (33% of power, 5.50 of armory resource left). [000.006033]
2021-08-13 15:48:42,778 — battle.py — INFO — history:888 — amazones of 4333383408 retreet to -370.31. Rest now. [000.006233]
2021-08-13 15:48:42,778 — battle.py — INFO — history:888 — amazones (4333383408) is regroup as 7x7+0 in -370.313. [000.006233]
2021-08-13 15:48:42,781 — battle.py — INFO — history:888 — 4333383408 did out from battleground in 511.687407407. [000.011333]
2021-08-13 15:48:42,781 — battle.py — INFO — history:888 — . [000.011433]
2021-08-13 15:48:42,781 — battle.py — INFO — history:888 — Markus (attacker) is win and up 0.106 of experience. [000.011433]
2021-08-13 15:48:42,782 — battle.py — INFO — history:888 — . [000.011433]
2021-08-13 15:48:42,782 — battle.py — INFO — history:888 — Stop battle modulation.. [000.011433]
2021-08-13 15:48:42,782 — battle.py — INFO — <module>:62 — 
2021-08-13 15:48:43,928 — battle.py — INFO — <module>:53 — Defenders (4396756720): 150 of amazones as Squer 12x12 + 6.
2021-08-13 15:48:43,929 — battle.py — INFO — <module>:54 — Attackers (4396755712): 120 of mumbhoo as Phalanx 10x12 + 0.
2021-08-13 15:48:43,931 — battle.py — INFO — history:888 — amazones damaged. Loss: 12. [000.005233]
2021-08-13 15:48:43,931 — battle.py — INFO — history:888 — 4396756720 took damage and left 138 amazones (92% of power, 9.50 of armory resource left). [000.005233]
2021-08-13 15:48:43,931 — battle.py — INFO — history:888 — mumbhoo damaged. Loss: 9. [000.005233]
2021-08-13 15:48:43,931 — battle.py — INFO — history:888 — 4396755712 took damage and left 111 mumbhoo (92% of power, 4.50 of armory resource left). [000.005233]
2021-08-13 15:48:43,931 — battle.py — INFO — history:888 — amazones damaged. Loss: 12. [000.005333]
2021-08-13 15:48:43,931 — battle.py — INFO — history:888 — 4396756720 took damage and left 126 amazones (84% of power, 9.00 of armory resource left). [000.005333]
2021-08-13 15:48:43,931 — battle.py — INFO — history:888 — mumbhoo damaged. Loss: 9. [000.005333]
2021-08-13 15:48:43,931 — battle.py — INFO — history:888 — 4396755712 took damage and left 102 mumbhoo (85% of power, 4.00 of armory resource left). [000.005333]
2021-08-13 15:48:43,931 — battle.py — INFO — history:888 — amazones damaged. Loss: 12. [000.005433]
2021-08-13 15:48:43,932 — battle.py — INFO — history:888 — 4396756720 took damage and left 114 amazones (76% of power, 8.50 of armory resource left). [000.005433]
2021-08-13 15:48:43,932 — battle.py — INFO — history:888 — mumbhoo damaged. Loss: 10. [000.005433]
2021-08-13 15:48:43,932 — battle.py — INFO — history:888 — 4396755712 took damage and left 92 mumbhoo (77% of power, 3.50 of armory resource left). [000.005433]
2021-08-13 15:48:43,932 — battle.py — INFO — history:888 — amazones damaged. Loss: 9. [000.005533]
2021-08-13 15:48:43,932 — battle.py — INFO — history:888 — 4396756720 took damage and left 105 amazones (70% of power, 8.00 of armory resource left). [000.005533]
2021-08-13 15:48:43,932 — battle.py — INFO — history:888 — mumbhoo damaged. Loss: 9. [000.005533]
2021-08-13 15:48:43,932 — battle.py — INFO — history:888 — 4396755712 took damage and left 83 mumbhoo (69% of power, 3.00 of armory resource left). [000.005533]
2021-08-13 15:48:43,932 — battle.py — INFO — history:888 — amazones damaged. Loss: 11. [000.005633]
2021-08-13 15:48:43,932 — battle.py — INFO — history:888 — 4396756720 took damage and left 94 amazones (63% of power, 7.50 of armory resource left). [000.005633]
2021-08-13 15:48:43,932 — battle.py — INFO — history:888 — mumbhoo damaged. Loss: 9. [000.005633]
2021-08-13 15:48:43,932 — battle.py — INFO — history:888 — 4396755712 took damage and left 74 mumbhoo (62% of power, 2.50 of armory resource left). [000.005633]
2021-08-13 15:48:43,932 — battle.py — INFO — history:888 — amazones damaged. Loss: 8. [000.005733]
2021-08-13 15:48:43,932 — battle.py — INFO — history:888 — 4396756720 took damage and left 86 amazones (57% of power, 7.00 of armory resource left). [000.005733]
2021-08-13 15:48:43,932 — battle.py — INFO — history:888 — mumbhoo damaged. Loss: 1. [000.005733]
2021-08-13 15:48:43,932 — battle.py — INFO — history:888 — 4396755712 took damage and left 73 mumbhoo (61% of power, 2.00 of armory resource left). [000.005733]
2021-08-13 15:48:43,933 — battle.py — INFO — history:888 — amazones damaged. Loss: 12. [000.005833]
2021-08-13 15:48:43,933 — battle.py — INFO — history:888 — 4396756720 took damage and left 74 amazones (49% of power, 6.50 of armory resource left). [000.005833]
2021-08-13 15:48:43,933 — battle.py — INFO — history:888 — mumbhoo damaged. Loss: 6. [000.005833]
2021-08-13 15:48:43,933 — battle.py — INFO — history:888 — 4396755712 took damage and left 67 mumbhoo (56% of power, 1.50 of armory resource left). [000.005833]
2021-08-13 15:48:43,933 — battle.py — INFO — history:888 — amazones damaged. Loss: 8. [000.005933]
2021-08-13 15:48:43,933 — battle.py — INFO — history:888 — 4396756720 took damage and left 66 amazones (44% of power, 6.00 of armory resource left). [000.005933]
2021-08-13 15:48:43,933 — battle.py — INFO — history:888 — mumbhoo damaged. Loss: 9. [000.005933]
2021-08-13 15:48:43,933 — battle.py — INFO — history:888 — 4396755712 took damage and left 58 mumbhoo (48% of power, 1.00 of armory resource left). [000.005933]
2021-08-13 15:48:43,933 — battle.py — INFO — history:888 — amazones damaged. Loss: 8. [000.006033]
2021-08-13 15:48:43,933 — battle.py — INFO — history:888 — 4396756720 took damage and left 58 amazones (39% of power, 5.50 of armory resource left). [000.006033]
2021-08-13 15:48:43,933 — battle.py — INFO — history:888 — mumbhoo damaged. Loss: 9. [000.006033]
2021-08-13 15:48:43,933 — battle.py — INFO — history:888 — 4396755712 took damage and left 49 mumbhoo (41% of power, 0.50 of armory resource left). [000.006033]
2021-08-13 15:48:43,933 — battle.py — INFO — history:888 — amazones damaged. Loss: 12. [000.006133]
2021-08-13 15:48:43,933 — battle.py — INFO — history:888 — 4396756720 took damage and left 46 amazones (31% of power, 5.00 of armory resource left). [000.006133]
2021-08-13 15:48:43,934 — battle.py — INFO — history:888 — mumbhoo damaged. Loss: 8. [000.006133]
2021-08-13 15:48:43,934 — battle.py — INFO — history:888 — 4396755712 took damage and left 41 mumbhoo (34% of power, 0.00 of armory resource left). [000.006133]
2021-08-13 15:48:43,934 — battle.py — INFO — history:888 — amazones damaged. Loss: 11. [000.006233]
2021-08-13 15:48:43,934 — battle.py — INFO — history:888 — 4396756720 took damage and left 35 amazones (23% of power, 4.50 of armory resource left). [000.006233]
2021-08-13 15:48:43,934 — battle.py — INFO — history:888 — mumbhoo damaged. Loss: 10. [000.006233]
2021-08-13 15:48:43,934 — battle.py — INFO — history:888 — 4396755712 took damage and left 31 mumbhoo (26% of power, 0.00 of armory resource left). [000.006233]
2021-08-13 15:48:43,934 — battle.py — INFO — history:888 — amazones damaged. Loss: 12. [000.006463]
2021-08-13 15:48:43,934 — battle.py — INFO — history:888 — 4396756720 took damage and left 23 amazones (15% of power, 4.00 of armory resource left). [000.006463]
2021-08-13 15:48:43,934 — battle.py — INFO — history:888 — amazones damaged. Loss: 12. [000.006563]
2021-08-13 15:48:43,934 — battle.py — INFO — history:888 — 4396756720 took damage and left 11 amazones (7% of power, 3.50 of armory resource left). [000.006563]
2021-08-13 15:48:43,934 — battle.py — INFO — history:888 — amazones damaged. Loss: 8. [000.006663]
2021-08-13 15:48:43,934 — battle.py — INFO — history:888 — 4396756720 took damage and left 3 amazones (2% of power, 3.00 of armory resource left). [000.006663]
2021-08-13 15:48:43,934 — battle.py — INFO — history:888 — Regiment 4396756720 (amazones of Boudicca) is can not make even one row. [000.006763]
2021-08-13 15:48:43,935 — battle.py — INFO — history:888 — . [000.006763]
2021-08-13 15:48:43,935 — battle.py — INFO — history:888 — Markus (attacker) is win and up 0.106 of experience. [000.006763]
2021-08-13 15:48:43,935 — battle.py — INFO — history:888 — . [000.006763]
2021-08-13 15:48:43,935 — battle.py — INFO — history:888 — Stop battle modulation.. [000.006763]
2021-08-13 15:48:43,935 — battle.py — INFO — <module>:62 — 
2021-08-13 15:48:46,064 — battle.py — INFO — <module>:53 — Defenders (4539682544): 150 of amazones as Squer 12x12 + 6.
2021-08-13 15:48:46,064 — battle.py — INFO — <module>:54 — Attackers (4539681536): 120 of mumbhoo as Phalanx 10x12 + 0.
2021-08-13 15:48:46,067 — battle.py — INFO — history:888 — amazones damaged. Loss: 8. [000.005233]
2021-08-13 15:48:46,067 — battle.py — INFO — history:888 — 4539682544 took damage and left 142 amazones (95% of power, 9.50 of armory resource left). [000.005233]
2021-08-13 15:48:46,067 — battle.py — INFO — history:888 — mumbhoo damaged. Loss: 9. [000.005233]
2021-08-13 15:48:46,067 — battle.py — INFO — history:888 — 4539681536 took damage and left 111 mumbhoo (92% of power, 4.50 of armory resource left). [000.005233]
2021-08-13 15:48:46,067 — battle.py — INFO — history:888 — amazones damaged. Loss: 12. [000.005333]
2021-08-13 15:48:46,067 — battle.py — INFO — history:888 — 4539682544 took damage and left 130 amazones (87% of power, 9.00 of armory resource left). [000.005333]
2021-08-13 15:48:46,068 — battle.py — INFO — history:888 — mumbhoo damaged. Loss: 1. [000.005333]
2021-08-13 15:48:46,068 — battle.py — INFO — history:888 — 4539681536 took damage and left 110 mumbhoo (92% of power, 4.00 of armory resource left). [000.005333]
2021-08-13 15:48:46,068 — battle.py — INFO — history:888 — amazones damaged. Loss: 11. [000.005433]
2021-08-13 15:48:46,068 — battle.py — INFO — history:888 — 4539682544 took damage and left 119 amazones (79% of power, 8.50 of armory resource left). [000.005433]
2021-08-13 15:48:46,068 — battle.py — INFO — distributeDamage:1183 — 4539681536 has not lose from enemy attack.
2021-08-13 15:48:46,068 — battle.py — INFO — history:888 — amazones damaged. Loss: 12. [000.005533]
2021-08-13 15:48:46,068 — battle.py — INFO — history:888 — 4539682544 took damage and left 107 amazones (71% of power, 8.00 of armory resource left). [000.005533]
2021-08-13 15:48:46,068 — battle.py — INFO — history:888 — mumbhoo damaged. Loss: 7. [000.005533]
2021-08-13 15:48:46,068 — battle.py — INFO — history:888 — 4539681536 took damage and left 103 mumbhoo (86% of power, 3.00 of armory resource left). [000.005533]
2021-08-13 15:48:46,068 — battle.py — INFO — history:888 — amazones damaged. Loss: 12. [000.005633]
2021-08-13 15:48:46,068 — battle.py — INFO — history:888 — 4539682544 took damage and left 95 amazones (63% of power, 7.50 of armory resource left). [000.005633]
2021-08-13 15:48:46,068 — battle.py — INFO — history:888 — mumbhoo damaged. Loss: 9. [000.005633]
2021-08-13 15:48:46,068 — battle.py — INFO — history:888 — 4539681536 took damage and left 94 mumbhoo (78% of power, 2.50 of armory resource left). [000.005633]
2021-08-13 15:48:46,068 — battle.py — INFO — history:888 — amazones damaged. Loss: 12. [000.005733]
2021-08-13 15:48:46,069 — battle.py — INFO — history:888 — 4539682544 took damage and left 83 amazones (55% of power, 7.00 of armory resource left). [000.005733]
2021-08-13 15:48:46,069 — battle.py — INFO — history:888 — mumbhoo damaged. Loss: 9. [000.005733]
2021-08-13 15:48:46,069 — battle.py — INFO — history:888 — 4539681536 took damage and left 85 mumbhoo (71% of power, 2.00 of armory resource left). [000.005733]
2021-08-13 15:48:46,069 — battle.py — INFO — history:888 — amazones damaged. Loss: 10. [000.005833]
2021-08-13 15:48:46,069 — battle.py — INFO — history:888 — 4539682544 took damage and left 73 amazones (49% of power, 6.50 of armory resource left). [000.005833]
2021-08-13 15:48:46,069 — battle.py — INFO — history:888 — mumbhoo damaged. Loss: 8. [000.005833]
2021-08-13 15:48:46,069 — battle.py — INFO — history:888 — 4539681536 took damage and left 77 mumbhoo (64% of power, 1.50 of armory resource left). [000.005833]
2021-08-13 15:48:46,069 — battle.py — INFO — history:888 — amazones damaged. Loss: 11. [000.005933]
2021-08-13 15:48:46,069 — battle.py — INFO — history:888 — 4539682544 took damage and left 62 amazones (41% of power, 6.00 of armory resource left). [000.005933]
2021-08-13 15:48:46,069 — battle.py — INFO — history:888 — mumbhoo damaged. Loss: 9. [000.005933]
2021-08-13 15:48:46,069 — battle.py — INFO — history:888 — 4539681536 took damage and left 68 mumbhoo (57% of power, 1.00 of armory resource left). [000.005933]
2021-08-13 15:48:46,069 — battle.py — INFO — history:888 — amazones damaged. Loss: 12. [000.006033]
2021-08-13 15:48:46,069 — battle.py — INFO — history:888 — 4539682544 took damage and left 50 amazones (33% of power, 5.50 of armory resource left). [000.006033]
2021-08-13 15:48:46,070 — battle.py — INFO — history:888 — amazones of 4539682544 retreet to -370.31. Rest now. [000.006233]
2021-08-13 15:48:46,070 — battle.py — INFO — history:888 — amazones (4539682544) is regroup as 7x7+1 in -370.313. [000.006233]
2021-08-13 15:48:46,072 — battle.py — INFO — history:888 — 4539682544 did out from battleground in 511.687407407. [000.011333]
2021-08-13 15:48:46,073 — battle.py — INFO — history:888 — . [000.011433]
2021-08-13 15:48:46,073 — battle.py — INFO — history:888 — Markus (attacker) is win and up 0.106 of experience. [000.011433]
2021-08-13 15:48:46,073 — battle.py — INFO — history:888 — . [000.011433]
2021-08-13 15:48:46,073 — battle.py — INFO — history:888 — Stop battle modulation.. [000.011433]
2021-08-13 15:48:46,073 — battle.py — INFO — <module>:62 — 
2021-08-13 15:48:46,953 — battle.py — INFO — <module>:53 — Defenders (4563877616): 150 of amazones as Squer 12x12 + 6.
2021-08-13 15:48:46,953 — battle.py — INFO — <module>:54 — Attackers (4563876608): 120 of mumbhoo as Phalanx 10x12 + 0.
2021-08-13 15:48:46,955 — battle.py — INFO — history:888 — amazones damaged. Loss: 8. [000.005233]
2021-08-13 15:48:46,955 — battle.py — INFO — history:888 — 4563877616 took damage and left 142 amazones (95% of power, 9.50 of armory resource left). [000.005233]
2021-08-13 15:48:46,955 — battle.py — INFO — distributeDamage:1183 — 4563876608 has not lose from enemy attack.
2021-08-13 15:48:46,955 — battle.py — INFO — history:888 — amazones damaged. Loss: 12. [000.005333]
2021-08-13 15:48:46,955 — battle.py — INFO — history:888 — 4563877616 took damage and left 130 amazones (87% of power, 9.00 of armory resource left). [000.005333]
2021-08-13 15:48:46,956 — battle.py — INFO — history:888 — mumbhoo damaged. Loss: 9. [000.005333]
2021-08-13 15:48:46,956 — battle.py — INFO — history:888 — 4563876608 took damage and left 111 mumbhoo (92% of power, 4.00 of armory resource left). [000.005333]
2021-08-13 15:48:46,956 — battle.py — INFO — history:888 — amazones damaged. Loss: 8. [000.005433]
2021-08-13 15:48:46,956 — battle.py — INFO — history:888 — 4563877616 took damage and left 122 amazones (81% of power, 8.50 of armory resource left). [000.005433]
2021-08-13 15:48:46,956 — battle.py — INFO — history:888 — mumbhoo damaged. Loss: 9. [000.005433]
2021-08-13 15:48:46,956 — battle.py — INFO — history:888 — 4563876608 took damage and left 102 mumbhoo (85% of power, 3.50 of armory resource left). [000.005433]
2021-08-13 15:48:46,956 — battle.py — INFO — history:888 — amazones damaged. Loss: 11. [000.005533]
2021-08-13 15:48:46,956 — battle.py — INFO — history:888 — 4563877616 took damage and left 111 amazones (74% of power, 8.00 of armory resource left). [000.005533]
2021-08-13 15:48:46,956 — battle.py — INFO — history:888 — mumbhoo damaged. Loss: 9. [000.005533]
2021-08-13 15:48:46,956 — battle.py — INFO — history:888 — 4563876608 took damage and left 93 mumbhoo (78% of power, 3.00 of armory resource left). [000.005533]
2021-08-13 15:48:46,956 — battle.py — INFO — history:888 — amazones damaged. Loss: 12. [000.005633]
2021-08-13 15:48:46,956 — battle.py — INFO — history:888 — 4563877616 took damage and left 99 amazones (66% of power, 7.50 of armory resource left). [000.005633]
2021-08-13 15:48:46,956 — battle.py — INFO — history:888 — mumbhoo damaged. Loss: 10. [000.005633]
2021-08-13 15:48:46,956 — battle.py — INFO — history:888 — 4563876608 took damage and left 83 mumbhoo (69% of power, 2.50 of armory resource left). [000.005633]
2021-08-13 15:48:46,957 — battle.py — INFO — history:888 — amazones damaged. Loss: 10. [000.005733]
2021-08-13 15:48:46,957 — battle.py — INFO — history:888 — 4563877616 took damage and left 89 amazones (59% of power, 7.00 of armory resource left). [000.005733]
2021-08-13 15:48:46,957 — battle.py — INFO — history:888 — mumbhoo damaged. Loss: 9. [000.005733]
2021-08-13 15:48:46,957 — battle.py — INFO — history:888 — 4563876608 took damage and left 74 mumbhoo (62% of power, 2.00 of armory resource left). [000.005733]
2021-08-13 15:48:46,957 — battle.py — INFO — history:888 — amazones damaged. Loss: 12. [000.005833]
2021-08-13 15:48:46,957 — battle.py — INFO — history:888 — 4563877616 took damage and left 77 amazones (51% of power, 6.50 of armory resource left). [000.005833]
2021-08-13 15:48:46,957 — battle.py — INFO — history:888 — mumbhoo damaged. Loss: 8. [000.005833]
2021-08-13 15:48:46,957 — battle.py — INFO — history:888 — 4563876608 took damage and left 66 mumbhoo (55% of power, 1.50 of armory resource left). [000.005833]
2021-08-13 15:48:46,957 — battle.py — INFO — history:888 — amazones damaged. Loss: 12. [000.005933]
2021-08-13 15:48:46,957 — battle.py — INFO — history:888 — 4563877616 took damage and left 65 amazones (43% of power, 6.00 of armory resource left). [000.005933]
2021-08-13 15:48:46,957 — battle.py — INFO — history:888 — mumbhoo damaged. Loss: 7. [000.005933]
2021-08-13 15:48:46,957 — battle.py — INFO — history:888 — 4563876608 took damage and left 59 mumbhoo (49% of power, 1.00 of armory resource left). [000.005933]
2021-08-13 15:48:46,957 — battle.py — INFO — history:888 — amazones damaged. Loss: 12. [000.006033]
2021-08-13 15:48:46,957 — battle.py — INFO — history:888 — 4563877616 took damage and left 53 amazones (35% of power, 5.50 of armory resource left). [000.006033]
2021-08-13 15:48:46,957 — battle.py — INFO — history:888 — mumbhoo damaged. Loss: 9. [000.006033]
2021-08-13 15:48:46,958 — battle.py — INFO — history:888 — 4563876608 took damage and left 50 mumbhoo (42% of power, 0.50 of armory resource left). [000.006033]
2021-08-13 15:48:46,958 — battle.py — INFO — history:888 — amazones damaged. Loss: 10. [000.006133]
2021-08-13 15:48:46,958 — battle.py — INFO — history:888 — 4563877616 took damage and left 43 amazones (29% of power, 5.00 of armory resource left). [000.006133]
2021-08-13 15:48:46,958 — battle.py — INFO — history:888 — mumbhoo damaged. Loss: 6. [000.006133]
2021-08-13 15:48:46,958 — battle.py — INFO — history:888 — 4563876608 took damage and left 44 mumbhoo (37% of power, 0.00 of armory resource left). [000.006133]
2021-08-13 15:48:46,958 — battle.py — INFO — history:888 — amazones damaged. Loss: 10. [000.006363]
2021-08-13 15:48:46,958 — battle.py — INFO — history:888 — 4563877616 took damage and left 33 amazones (22% of power, 4.50 of armory resource left). [000.006363]
2021-08-13 15:48:46,958 — battle.py — INFO — history:888 — amazones damaged. Loss: 12. [000.006463]
2021-08-13 15:48:46,958 — battle.py — INFO — history:888 — 4563877616 took damage and left 21 amazones (14% of power, 4.00 of armory resource left). [000.006463]
2021-08-13 15:48:46,958 — battle.py — INFO — history:888 — amazones damaged. Loss: 8. [000.006563]
2021-08-13 15:48:46,958 — battle.py — INFO — history:888 — 4563877616 took damage and left 13 amazones (9% of power, 3.50 of armory resource left). [000.006563]
2021-08-13 15:48:46,958 — battle.py — INFO — history:888 — amazones damaged. Loss: 10. [000.006663]
2021-08-13 15:48:46,959 — battle.py — INFO — history:888 — 4563877616 took damage and left 3 amazones (2% of power, 3.00 of armory resource left). [000.006663]
2021-08-13 15:48:46,959 — battle.py — INFO — history:888 — Regiment 4563877616 (amazones of Boudicca) is can not make even one row. [000.006763]
2021-08-13 15:48:46,959 — battle.py — INFO — history:888 — . [000.006763]
2021-08-13 15:48:46,959 — battle.py — INFO — history:888 — Markus (attacker) is win and up 0.106 of experience. [000.006763]
2021-08-13 15:48:46,959 — battle.py — INFO — history:888 — . [000.006763]
2021-08-13 15:48:46,959 — battle.py — INFO — history:888 — Stop battle modulation.. [000.006763]
2021-08-13 15:48:46,959 — battle.py — INFO — <module>:62 — 
2021-08-13 15:48:47,768 — battle.py — INFO — <module>:53 — Defenders (4512485104): 150 of amazones as Squer 12x12 + 6.
2021-08-13 15:48:47,768 — battle.py — INFO — <module>:54 — Attackers (4512484096): 120 of mumbhoo as Phalanx 10x12 + 0.
2021-08-13 15:48:47,770 — battle.py — INFO — history:888 — amazones damaged. Loss: 12. [000.005233]
2021-08-13 15:48:47,770 — battle.py — INFO — history:888 — 4512485104 took damage and left 138 amazones (92% of power, 9.50 of armory resource left). [000.005233]
2021-08-13 15:48:47,770 — battle.py — INFO — history:888 — mumbhoo damaged. Loss: 6. [000.005233]
2021-08-13 15:48:47,770 — battle.py — INFO — history:888 — 4512484096 took damage and left 114 mumbhoo (95% of power, 4.50 of armory resource left). [000.005233]
2021-08-13 15:48:47,771 — battle.py — INFO — history:888 — amazones damaged. Loss: 11. [000.005333]
2021-08-13 15:48:47,771 — battle.py — INFO — history:888 — 4512485104 took damage and left 127 amazones (85% of power, 9.00 of armory resource left). [000.005333]
2021-08-13 15:48:47,771 — battle.py — INFO — history:888 — mumbhoo damaged. Loss: 9. [000.005333]
2021-08-13 15:48:47,771 — battle.py — INFO — history:888 — 4512484096 took damage and left 105 mumbhoo (88% of power, 4.00 of armory resource left). [000.005333]
2021-08-13 15:48:47,771 — battle.py — INFO — history:888 — amazones damaged. Loss: 12. [000.005433]
2021-08-13 15:48:47,771 — battle.py — INFO — history:888 — 4512485104 took damage and left 115 amazones (77% of power, 8.50 of armory resource left). [000.005433]
2021-08-13 15:48:47,771 — battle.py — INFO — history:888 — mumbhoo damaged. Loss: 9. [000.005433]
2021-08-13 15:48:47,771 — battle.py — INFO — history:888 — 4512484096 took damage and left 96 mumbhoo (80% of power, 3.50 of armory resource left). [000.005433]
2021-08-13 15:48:47,771 — battle.py — INFO — history:888 — amazones damaged. Loss: 12. [000.005533]
2021-08-13 15:48:47,771 — battle.py — INFO — history:888 — 4512485104 took damage and left 103 amazones (69% of power, 8.00 of armory resource left). [000.005533]
2021-08-13 15:48:47,771 — battle.py — INFO — history:888 — mumbhoo damaged. Loss: 9. [000.005533]
2021-08-13 15:48:47,771 — battle.py — INFO — history:888 — 4512484096 took damage and left 87 mumbhoo (72% of power, 3.00 of armory resource left). [000.005533]
2021-08-13 15:48:47,771 — battle.py — INFO — history:888 — amazones damaged. Loss: 8. [000.005633]
2021-08-13 15:48:47,771 — battle.py — INFO — history:888 — 4512485104 took damage and left 95 amazones (63% of power, 7.50 of armory resource left). [000.005633]
2021-08-13 15:48:47,772 — battle.py — INFO — history:888 — mumbhoo damaged. Loss: 10. [000.005633]
2021-08-13 15:48:47,772 — battle.py — INFO — history:888 — 4512484096 took damage and left 77 mumbhoo (64% of power, 2.50 of armory resource left). [000.005633]
2021-08-13 15:48:47,772 — battle.py — INFO — history:888 — amazones damaged. Loss: 12. [000.005733]
2021-08-13 15:48:47,772 — battle.py — INFO — history:888 — 4512485104 took damage and left 83 amazones (55% of power, 7.00 of armory resource left). [000.005733]
2021-08-13 15:48:47,772 — battle.py — INFO — history:888 — mumbhoo damaged. Loss: 9. [000.005733]
2021-08-13 15:48:47,772 — battle.py — INFO — history:888 — 4512484096 took damage and left 68 mumbhoo (57% of power, 2.00 of armory resource left). [000.005733]
2021-08-13 15:48:47,772 — battle.py — INFO — history:888 — amazones damaged. Loss: 12. [000.005833]
2021-08-13 15:48:47,772 — battle.py — INFO — history:888 — 4512485104 took damage and left 71 amazones (47% of power, 6.50 of armory resource left). [000.005833]
2021-08-13 15:48:47,772 — battle.py — INFO — history:888 — mumbhoo damaged. Loss: 7. [000.005833]
2021-08-13 15:48:47,772 — battle.py — INFO — history:888 — 4512484096 took damage and left 61 mumbhoo (51% of power, 1.50 of armory resource left). [000.005833]
2021-08-13 15:48:47,772 — battle.py — INFO — history:888 — amazones damaged. Loss: 12. [000.005933]
2021-08-13 15:48:47,772 — battle.py — INFO — history:888 — 4512485104 took damage and left 59 amazones (39% of power, 6.00 of armory resource left). [000.005933]
2021-08-13 15:48:47,772 — battle.py — INFO — history:888 — mumbhoo damaged. Loss: 9. [000.005933]
2021-08-13 15:48:47,772 — battle.py — INFO — history:888 — 4512484096 took damage and left 52 mumbhoo (43% of power, 1.00 of armory resource left). [000.005933]
2021-08-13 15:48:47,773 — battle.py — INFO — history:888 — amazones damaged. Loss: 11. [000.006033]
2021-08-13 15:48:47,773 — battle.py — INFO — history:888 — 4512485104 took damage and left 48 amazones (32% of power, 5.50 of armory resource left). [000.006033]
2021-08-13 15:48:47,773 — battle.py — INFO — history:888 — mumbhoo damaged. Loss: 10. [000.006033]
2021-08-13 15:48:47,773 — battle.py — INFO — history:888 — 4512484096 took damage and left 42 mumbhoo (35% of power, 0.50 of armory resource left). [000.006033]
2021-08-13 15:48:47,773 — battle.py — INFO — history:888 — amazones damaged. Loss: 12. [000.006133]
2021-08-13 15:48:47,773 — battle.py — INFO — history:888 — 4512485104 took damage and left 36 amazones (24% of power, 5.00 of armory resource left). [000.006133]
2021-08-13 15:48:47,773 — battle.py — INFO — history:888 — mumbhoo damaged. Loss: 8. [000.006133]
2021-08-13 15:48:47,773 — battle.py — INFO — history:888 — 4512484096 took damage and left 34 mumbhoo (28% of power, 0.00 of armory resource left). [000.006133]
2021-08-13 15:48:47,773 — battle.py — INFO — history:888 — amazones damaged. Loss: 10. [000.006233]
2021-08-13 15:48:47,773 — battle.py — INFO — history:888 — 4512485104 took damage and left 26 amazones (17% of power, 4.50 of armory resource left). [000.006233]
2021-08-13 15:48:47,773 — battle.py — INFO — history:888 — mumbhoo damaged. Loss: 10. [000.006233]
2021-08-13 15:48:47,773 — battle.py — INFO — history:888 — 4512484096 took damage and left 24 mumbhoo (20% of power, 0.00 of armory resource left). [000.006233]
2021-08-13 15:48:47,776 — battle.py — INFO — history:888 — 4512485104 did out from battleground in 511.687407407. [000.011533]
2021-08-13 15:48:47,776 — battle.py — INFO — history:888 — . [000.011633]
2021-08-13 15:48:47,776 — battle.py — INFO — history:888 — Markus (attacker) is win and up 0.106 of experience. [000.011633]
2021-08-13 15:48:47,776 — battle.py — INFO — history:888 — . [000.011633]
2021-08-13 15:48:47,776 — battle.py — INFO — history:888 — Stop battle modulation.. [000.011633]
2021-08-13 15:48:47,776 — battle.py — INFO — <module>:62 — 
2021-08-13 15:48:48,928 — battle.py — INFO — <module>:53 — Defenders (4443279088): 150 of amazones as Squer 12x12 + 6.
2021-08-13 15:48:48,928 — battle.py — INFO — <module>:54 — Attackers (4443278080): 120 of mumbhoo as Phalanx 10x12 + 0.
2021-08-13 15:48:48,930 — battle.py — INFO — history:888 — amazones damaged. Loss: 11. [000.005233]
2021-08-13 15:48:48,930 — battle.py — INFO — history:888 — 4443279088 took damage and left 139 amazones (93% of power, 9.50 of armory resource left). [000.005233]
2021-08-13 15:48:48,930 — battle.py — INFO — history:888 — mumbhoo damaged. Loss: 9. [000.005233]
2021-08-13 15:48:48,931 — battle.py — INFO — history:888 — 4443278080 took damage and left 111 mumbhoo (92% of power, 4.50 of armory resource left). [000.005233]
2021-08-13 15:48:48,931 — battle.py — INFO — history:888 — amazones damaged. Loss: 11. [000.005333]
2021-08-13 15:48:48,931 — battle.py — INFO — history:888 — 4443279088 took damage and left 128 amazones (85% of power, 9.00 of armory resource left). [000.005333]
2021-08-13 15:48:48,931 — battle.py — INFO — history:888 — mumbhoo damaged. Loss: 9. [000.005333]
2021-08-13 15:48:48,931 — battle.py — INFO — history:888 — 4443278080 took damage and left 102 mumbhoo (85% of power, 4.00 of armory resource left). [000.005333]
2021-08-13 15:48:48,931 — battle.py — INFO — history:888 — amazones damaged. Loss: 8. [000.005433]
2021-08-13 15:48:48,931 — battle.py — INFO — history:888 — 4443279088 took damage and left 120 amazones (80% of power, 8.50 of armory resource left). [000.005433]
2021-08-13 15:48:48,931 — battle.py — INFO — history:888 — mumbhoo damaged. Loss: 7. [000.005433]
2021-08-13 15:48:48,931 — battle.py — INFO — history:888 — 4443278080 took damage and left 95 mumbhoo (79% of power, 3.50 of armory resource left). [000.005433]
2021-08-13 15:48:48,931 — battle.py — INFO — history:888 — amazones damaged. Loss: 12. [000.005533]
2021-08-13 15:48:48,931 — battle.py — INFO — history:888 — 4443279088 took damage and left 108 amazones (72% of power, 8.00 of armory resource left). [000.005533]
2021-08-13 15:48:48,931 — battle.py — INFO — history:888 — mumbhoo damaged. Loss: 1. [000.005533]
2021-08-13 15:48:48,931 — battle.py — INFO — history:888 — 4443278080 took damage and left 94 mumbhoo (78% of power, 3.00 of armory resource left). [000.005533]
2021-08-13 15:48:48,932 — battle.py — INFO — history:888 — amazones damaged. Loss: 8. [000.005633]
2021-08-13 15:48:48,932 — battle.py — INFO — history:888 — 4443279088 took damage and left 100 amazones (67% of power, 7.50 of armory resource left). [000.005633]
2021-08-13 15:48:48,932 — battle.py — INFO — history:888 — mumbhoo damaged. Loss: 7. [000.005633]
2021-08-13 15:48:48,932 — battle.py — INFO — history:888 — 4443278080 took damage and left 87 mumbhoo (72% of power, 2.50 of armory resource left). [000.005633]
2021-08-13 15:48:48,932 — battle.py — INFO — history:888 — amazones damaged. Loss: 12. [000.005733]
2021-08-13 15:48:48,932 — battle.py — INFO — history:888 — 4443279088 took damage and left 88 amazones (59% of power, 7.00 of armory resource left). [000.005733]
2021-08-13 15:48:48,932 — battle.py — INFO — distributeDamage:1183 — 4443278080 has not lose from enemy attack.
2021-08-13 15:48:48,932 — battle.py — INFO — history:888 — amazones damaged. Loss: 12. [000.005833]
2021-08-13 15:48:48,932 — battle.py — INFO — history:888 — 4443279088 took damage and left 76 amazones (51% of power, 6.50 of armory resource left). [000.005833]
2021-08-13 15:48:48,932 — battle.py — INFO — history:888 — mumbhoo damaged. Loss: 8. [000.005833]
2021-08-13 15:48:48,932 — battle.py — INFO — history:888 — 4443278080 took damage and left 79 mumbhoo (66% of power, 1.50 of armory resource left). [000.005833]
2021-08-13 15:48:48,932 — battle.py — INFO — history:888 — amazones damaged. Loss: 12. [000.005933]
2021-08-13 15:48:48,932 — battle.py — INFO — history:888 — 4443279088 took damage and left 64 amazones (43% of power, 6.00 of armory resource left). [000.005933]
2021-08-13 15:48:48,932 — battle.py — INFO — history:888 — mumbhoo damaged. Loss: 10. [000.005933]
2021-08-13 15:48:48,932 — battle.py — INFO — history:888 — 4443278080 took damage and left 69 mumbhoo (57% of power, 1.00 of armory resource left). [000.005933]
2021-08-13 15:48:48,933 — battle.py — INFO — history:888 — amazones damaged. Loss: 12. [000.006033]
2021-08-13 15:48:48,933 — battle.py — INFO — history:888 — 4443279088 took damage and left 52 amazones (35% of power, 5.50 of armory resource left). [000.006033]
2021-08-13 15:48:48,933 — battle.py — INFO — history:888 — mumbhoo damaged. Loss: 9. [000.006033]
2021-08-13 15:48:48,933 — battle.py — INFO — history:888 — 4443278080 took damage and left 60 mumbhoo (50% of power, 0.50 of armory resource left). [000.006033]
2021-08-13 15:48:48,933 — battle.py — INFO — history:888 — amazones damaged. Loss: 10. [000.006133]
2021-08-13 15:48:48,933 — battle.py — INFO — history:888 — 4443279088 took damage and left 42 amazones (28% of power, 5.00 of armory resource left). [000.006133]
2021-08-13 15:48:48,933 — battle.py — INFO — history:888 — amazones of 4443279088 retreet to -370.31. Rest now. [000.006333]
2021-08-13 15:48:48,933 — battle.py — INFO — history:888 — amazones (4443279088) is regroup as 6x6+6 in -370.313. [000.006333]
2021-08-13 15:48:48,936 — battle.py — INFO — history:888 — 4443279088 did out from battleground in 511.687407407. [000.011433]
2021-08-13 15:48:48,936 — battle.py — INFO — history:888 — . [000.011533]
2021-08-13 15:48:48,936 — battle.py — INFO — history:888 — Markus (attacker) is win and up 0.106 of experience. [000.011533]
2021-08-13 15:48:48,936 — battle.py — INFO — history:888 — . [000.011533]
2021-08-13 15:48:48,936 — battle.py — INFO — history:888 — Stop battle modulation.. [000.011533]
2021-08-13 15:48:48,936 — battle.py — INFO — <module>:62 — 
2021-08-13 15:50:05,737 — battle.py — INFO — <module>:53 — Defenders (4541546224): 150 of amazones as Squer 12x12 + 6.
2021-08-13 15:50:05,737 — battle.py — INFO — <module>:54 — Attackers (4541545216): 120 of mumbhoo as Phalanx 10x12 + 0.
2021-08-13 15:50:05,739 — battle.py — INFO — history:888 — amazones damaged. Loss: 12. [000.005233]
2021-08-13 15:50:05,739 — battle.py — INFO — history:888 — 4541546224 took damage and left 138 amazones (92% of power, 9.50 of armory resource left). [000.005233]
2021-08-13 15:50:05,739 — battle.py — INFO — history:888 — mumbhoo damaged. Loss: 5. [000.005233]
2021-08-13 15:50:05,739 — battle.py — INFO — history:888 — 4541545216 took damage and left 115 mumbhoo (96% of power, 4.50 of armory resource left). [000.005233]
2021-08-13 15:50:05,740 — battle.py — INFO — history:888 — amazones damaged. Loss: 10. [000.005333]
2021-08-13 15:50:05,740 — battle.py — INFO — history:888 — 4541546224 took damage and left 128 amazones (85% of power, 9.00 of armory resource left). [000.005333]
2021-08-13 15:50:05,740 — battle.py — INFO — history:888 — mumbhoo damaged. Loss: 9. [000.005333]
2021-08-13 15:50:05,740 — battle.py — INFO — history:888 — 4541545216 took damage and left 106 mumbhoo (88% of power, 4.00 of armory resource left). [000.005333]
2021-08-13 15:50:05,740 — battle.py — INFO — history:888 — amazones damaged. Loss: 12. [000.005433]
2021-08-13 15:50:05,740 — battle.py — INFO — history:888 — 4541546224 took damage and left 116 amazones (77% of power, 8.50 of armory resource left). [000.005433]
2021-08-13 15:50:05,740 — battle.py — INFO — history:888 — mumbhoo damaged. Loss: 8. [000.005433]
2021-08-13 15:50:05,740 — battle.py — INFO — history:888 — 4541545216 took damage and left 98 mumbhoo (82% of power, 3.50 of armory resource left). [000.005433]
2021-08-13 15:50:05,740 — battle.py — INFO — history:888 — amazones damaged. Loss: 9. [000.005533]
2021-08-13 15:50:05,740 — battle.py — INFO — history:888 — 4541546224 took damage and left 107 amazones (71% of power, 8.00 of armory resource left). [000.005533]
2021-08-13 15:50:05,740 — battle.py — INFO — history:888 — mumbhoo damaged. Loss: 7. [000.005533]
2021-08-13 15:50:05,740 — battle.py — INFO — history:888 — 4541545216 took damage and left 91 mumbhoo (76% of power, 3.00 of armory resource left). [000.005533]
2021-08-13 15:50:05,740 — battle.py — INFO — history:888 — amazones damaged. Loss: 11. [000.005633]
2021-08-13 15:50:05,740 — battle.py — INFO — history:888 — 4541546224 took damage and left 96 amazones (64% of power, 7.50 of armory resource left). [000.005633]
2021-08-13 15:50:05,741 — battle.py — INFO — distributeDamage:1183 — 4541545216 has not lose from enemy attack.
2021-08-13 15:50:05,741 — battle.py — INFO — history:888 — amazones damaged. Loss: 12. [000.005733]
2021-08-13 15:50:05,741 — battle.py — INFO — history:888 — 4541546224 took damage and left 84 amazones (56% of power, 7.00 of armory resource left). [000.005733]
2021-08-13 15:50:05,741 — battle.py — INFO — history:888 — mumbhoo damaged. Loss: 6. [000.005733]
2021-08-13 15:50:05,741 — battle.py — INFO — history:888 — 4541545216 took damage and left 85 mumbhoo (71% of power, 2.00 of armory resource left). [000.005733]
2021-08-13 15:50:05,741 — battle.py — INFO — history:888 — amazones damaged. Loss: 12. [000.005833]
2021-08-13 15:50:05,741 — battle.py — INFO — history:888 — 4541546224 took damage and left 72 amazones (48% of power, 6.50 of armory resource left). [000.005833]
2021-08-13 15:50:05,741 — battle.py — INFO — history:888 — mumbhoo damaged. Loss: 10. [000.005833]
2021-08-13 15:50:05,741 — battle.py — INFO — history:888 — 4541545216 took damage and left 75 mumbhoo (62% of power, 1.50 of armory resource left). [000.005833]
2021-08-13 15:50:05,741 — battle.py — INFO — history:888 — amazones damaged. Loss: 12. [000.005933]
2021-08-13 15:50:05,741 — battle.py — INFO — history:888 — 4541546224 took damage and left 60 amazones (40% of power, 6.00 of armory resource left). [000.005933]
2021-08-13 15:50:05,741 — battle.py — INFO — history:888 — mumbhoo damaged. Loss: 10. [000.005933]
2021-08-13 15:50:05,741 — battle.py — INFO — history:888 — 4541545216 took damage and left 65 mumbhoo (54% of power, 1.00 of armory resource left). [000.005933]
2021-08-13 15:50:05,742 — battle.py — INFO — history:888 — amazones damaged. Loss: 8. [000.006033]
2021-08-13 15:50:05,742 — battle.py — INFO — history:888 — 4541546224 took damage and left 52 amazones (35% of power, 5.50 of armory resource left). [000.006033]
2021-08-13 15:50:05,742 — battle.py — INFO — history:888 — amazones of 4541546224 retreet to -370.31. Rest now. [000.006233]
2021-08-13 15:50:05,742 — battle.py — INFO — history:888 — amazones (4541546224) is regroup as 7x7+3 in -370.313. [000.006233]
2021-08-13 15:50:05,745 — battle.py — INFO — history:888 — 4541546224 did out from battleground in 511.687407407. [000.011333]
2021-08-13 15:50:05,745 — battle.py — INFO — history:888 — . [000.011433]
2021-08-13 15:50:05,745 — battle.py — INFO — history:888 — Markus (attacker) is win and up 0.106 of experience. [000.011433]
2021-08-13 15:50:05,745 — battle.py — INFO — history:888 — . [000.011433]
2021-08-13 15:50:05,746 — battle.py — INFO — history:888 — Stop battle modulation.. [000.011433]
2021-08-13 15:50:05,746 — battle.py — INFO — <module>:62 — 
2021-08-13 15:50:06,994 — battle.py — INFO — <module>:53 — Defenders (4570488560): 150 of amazones as Squer 12x12 + 6.
2021-08-13 15:50:06,994 — battle.py — INFO — <module>:54 — Attackers (4570487552): 120 of mumbhoo as Phalanx 10x12 + 0.
2021-08-13 15:50:06,997 — battle.py — INFO — history:888 — amazones damaged. Loss: 12. [000.005233]
2021-08-13 15:50:06,997 — battle.py — INFO — history:888 — 4570488560 took damage and left 138 amazones (92% of power, 9.50 of armory resource left). [000.005233]
2021-08-13 15:50:06,997 — battle.py — INFO — history:888 — mumbhoo damaged. Loss: 7. [000.005233]
2021-08-13 15:50:06,997 — battle.py — INFO — history:888 — 4570487552 took damage and left 113 mumbhoo (94% of power, 4.50 of armory resource left). [000.005233]
2021-08-13 15:50:06,997 — battle.py — INFO — history:888 — amazones damaged. Loss: 10. [000.005333]
2021-08-13 15:50:06,997 — battle.py — INFO — history:888 — 4570488560 took damage and left 128 amazones (85% of power, 9.00 of armory resource left). [000.005333]
2021-08-13 15:50:06,997 — battle.py — INFO — history:888 — mumbhoo damaged. Loss: 9. [000.005333]
2021-08-13 15:50:06,997 — battle.py — INFO — history:888 — 4570487552 took damage and left 104 mumbhoo (87% of power, 4.00 of armory resource left). [000.005333]
2021-08-13 15:50:06,998 — battle.py — INFO — history:888 — amazones damaged. Loss: 9. [000.005433]
2021-08-13 15:50:06,998 — battle.py — INFO — history:888 — 4570488560 took damage and left 119 amazones (79% of power, 8.50 of armory resource left). [000.005433]
2021-08-13 15:50:06,998 — battle.py — INFO — history:888 — mumbhoo damaged. Loss: 9. [000.005433]
2021-08-13 15:50:06,998 — battle.py — INFO — history:888 — 4570487552 took damage and left 95 mumbhoo (79% of power, 3.50 of armory resource left). [000.005433]
2021-08-13 15:50:06,998 — battle.py — INFO — history:888 — amazones damaged. Loss: 11. [000.005533]
2021-08-13 15:50:06,998 — battle.py — INFO — history:888 — 4570488560 took damage and left 108 amazones (72% of power, 8.00 of armory resource left). [000.005533]
2021-08-13 15:50:06,998 — battle.py — INFO — history:888 — mumbhoo damaged. Loss: 9. [000.005533]
2021-08-13 15:50:06,998 — battle.py — INFO — history:888 — 4570487552 took damage and left 86 mumbhoo (72% of power, 3.00 of armory resource left). [000.005533]
2021-08-13 15:50:06,998 — battle.py — INFO — history:888 — amazones damaged. Loss: 12. [000.005633]
2021-08-13 15:50:06,998 — battle.py — INFO — history:888 — 4570488560 took damage and left 96 amazones (64% of power, 7.50 of armory resource left). [000.005633]
2021-08-13 15:50:06,998 — battle.py — INFO — history:888 — mumbhoo damaged. Loss: 9. [000.005633]
2021-08-13 15:50:06,998 — battle.py — INFO — history:888 — 4570487552 took damage and left 77 mumbhoo (64% of power, 2.50 of armory resource left). [000.005633]
2021-08-13 15:50:06,998 — battle.py — INFO — history:888 — amazones damaged. Loss: 9. [000.005733]
2021-08-13 15:50:06,999 — battle.py — INFO — history:888 — 4570488560 took damage and left 87 amazones (58% of power, 7.00 of armory resource left). [000.005733]
2021-08-13 15:50:06,999 — battle.py — INFO — history:888 — mumbhoo damaged. Loss: 8. [000.005733]
2021-08-13 15:50:06,999 — battle.py — INFO — history:888 — 4570487552 took damage and left 69 mumbhoo (57% of power, 2.00 of armory resource left). [000.005733]
2021-08-13 15:50:06,999 — battle.py — INFO — history:888 — amazones damaged. Loss: 12. [000.005833]
2021-08-13 15:50:06,999 — battle.py — INFO — history:888 — 4570488560 took damage and left 75 amazones (50% of power, 6.50 of armory resource left). [000.005833]
2021-08-13 15:50:06,999 — battle.py — INFO — history:888 — mumbhoo damaged. Loss: 1. [000.005833]
2021-08-13 15:50:06,999 — battle.py — INFO — history:888 — 4570487552 took damage and left 68 mumbhoo (57% of power, 1.50 of armory resource left). [000.005833]
2021-08-13 15:50:06,999 — battle.py — INFO — history:888 — amazones damaged. Loss: 8. [000.005933]
2021-08-13 15:50:06,999 — battle.py — INFO — history:888 — 4570488560 took damage and left 67 amazones (45% of power, 6.00 of armory resource left). [000.005933]
2021-08-13 15:50:06,999 — battle.py — INFO — history:888 — mumbhoo damaged. Loss: 7. [000.005933]
2021-08-13 15:50:06,999 — battle.py — INFO — history:888 — 4570487552 took damage and left 61 mumbhoo (51% of power, 1.00 of armory resource left). [000.005933]
2021-08-13 15:50:06,999 — battle.py — INFO — history:888 — amazones damaged. Loss: 11. [000.006033]
2021-08-13 15:50:06,999 — battle.py — INFO — history:888 — 4570488560 took damage and left 56 amazones (37% of power, 5.50 of armory resource left). [000.006033]
2021-08-13 15:50:06,999 — battle.py — INFO — history:888 — mumbhoo damaged. Loss: 10. [000.006033]
2021-08-13 15:50:06,999 — battle.py — INFO — history:888 — 4570487552 took damage and left 51 mumbhoo (42% of power, 0.50 of armory resource left). [000.006033]
2021-08-13 15:50:07,000 — battle.py — INFO — history:888 — amazones damaged. Loss: 9. [000.006133]
2021-08-13 15:50:07,000 — battle.py — INFO — history:888 — 4570488560 took damage and left 47 amazones (31% of power, 5.00 of armory resource left). [000.006133]
2021-08-13 15:50:07,000 — battle.py — INFO — history:888 — mumbhoo damaged. Loss: 7. [000.006133]
2021-08-13 15:50:07,000 — battle.py — INFO — history:888 — 4570487552 took damage and left 44 mumbhoo (37% of power, 0.00 of armory resource left). [000.006133]
2021-08-13 15:50:07,000 — battle.py — INFO — history:888 — amazones damaged. Loss: 8. [000.006233]
2021-08-13 15:50:07,000 — battle.py — INFO — history:888 — 4570488560 took damage and left 39 amazones (26% of power, 4.50 of armory resource left). [000.006233]
2021-08-13 15:50:07,000 — battle.py — INFO — history:888 — mumbhoo damaged. Loss: 10. [000.006233]
2021-08-13 15:50:07,000 — battle.py — INFO — history:888 — 4570487552 took damage and left 34 mumbhoo (28% of power, 0.00 of armory resource left). [000.006233]
2021-08-13 15:50:07,000 — battle.py — INFO — history:888 — amazones damaged. Loss: 12. [000.006533]
2021-08-13 15:50:07,000 — battle.py — INFO — history:888 — 4570488560 took damage and left 27 amazones (18% of power, 4.00 of armory resource left). [000.006533]
2021-08-13 15:50:07,000 — battle.py — INFO — history:888 — mumbhoo damaged. Loss: 10. [000.006533]
2021-08-13 15:50:07,000 — battle.py — INFO — history:888 — 4570487552 took damage and left 24 mumbhoo (20% of power, 0.00 of armory resource left). [000.006533]
2021-08-13 15:50:07,001 — battle.py — INFO — history:888 — amazones damaged. Loss: 9. [000.006833]
2021-08-13 15:50:07,001 — battle.py — INFO — history:888 — 4570488560 took damage and left 18 amazones (12% of power, 3.50 of armory resource left). [000.006833]
2021-08-13 15:50:07,001 — battle.py — INFO — history:888 — mumbhoo damaged. Loss: 10. [000.006833]
2021-08-13 15:50:07,001 — battle.py — INFO — history:888 — 4570487552 took damage and left 14 mumbhoo (12% of power, 0.00 of armory resource left). [000.006833]
2021-08-13 15:50:07,001 — battle.py — INFO — history:888 — amazones damaged. Loss: 8. [000.007133]
2021-08-13 15:50:07,001 — battle.py — INFO — history:888 — 4570488560 took damage and left 10 amazones (7% of power, 3.00 of armory resource left). [000.007133]
2021-08-13 15:50:07,001 — battle.py — INFO — history:888 — mumbhoo damaged. Loss: 10. [000.007133]
2021-08-13 15:50:07,001 — battle.py — INFO — history:888 — 4570487552 took damage and left 4 mumbhoo (3% of power, 0.00 of armory resource left). [000.007133]
2021-08-13 15:50:07,007 — battle.py — INFO — history:888 — Stop battle modulation.. [000.015239]
2021-08-13 15:50:07,007 — battle.py — INFO — <module>:62 — 
2021-08-13 15:50:08,810 — battle.py — INFO — <module>:53 — Defenders (4350394096): 150 of amazones as Squer 12x12 + 6.
2021-08-13 15:50:08,810 — battle.py — INFO — <module>:54 — Attackers (4350393088): 120 of mumbhoo as Phalanx 10x12 + 0.
2021-08-13 15:50:08,812 — battle.py — INFO — history:888 — amazones damaged. Loss: 11. [000.005233]
2021-08-13 15:50:08,813 — battle.py — INFO — history:888 — 4350394096 took damage and left 139 amazones (93% of power, 9.50 of armory resource left). [000.005233]
2021-08-13 15:50:08,813 — battle.py — INFO — history:888 — mumbhoo damaged. Loss: 7. [000.005233]
2021-08-13 15:50:08,813 — battle.py — INFO — history:888 — 4350393088 took damage and left 113 mumbhoo (94% of power, 4.50 of armory resource left). [000.005233]
2021-08-13 15:50:08,813 — battle.py — INFO — history:888 — amazones damaged. Loss: 12. [000.005333]
2021-08-13 15:50:08,813 — battle.py — INFO — history:888 — 4350394096 took damage and left 127 amazones (85% of power, 9.00 of armory resource left). [000.005333]
2021-08-13 15:50:08,813 — battle.py — INFO — distributeDamage:1183 — 4350393088 has not lose from enemy attack.
2021-08-13 15:50:08,813 — battle.py — INFO — history:888 — amazones damaged. Loss: 12. [000.005433]
2021-08-13 15:50:08,813 — battle.py — INFO — history:888 — 4350394096 took damage and left 115 amazones (77% of power, 8.50 of armory resource left). [000.005433]
2021-08-13 15:50:08,813 — battle.py — INFO — history:888 — mumbhoo damaged. Loss: 9. [000.005433]
2021-08-13 15:50:08,813 — battle.py — INFO — history:888 — 4350393088 took damage and left 104 mumbhoo (87% of power, 3.50 of armory resource left). [000.005433]
2021-08-13 15:50:08,813 — battle.py — INFO — history:888 — amazones damaged. Loss: 12. [000.005533]
2021-08-13 15:50:08,813 — battle.py — INFO — history:888 — 4350394096 took damage and left 103 amazones (69% of power, 8.00 of armory resource left). [000.005533]
2021-08-13 15:50:08,813 — battle.py — INFO — history:888 — mumbhoo damaged. Loss: 8. [000.005533]
2021-08-13 15:50:08,814 — battle.py — INFO — history:888 — 4350393088 took damage and left 96 mumbhoo (80% of power, 3.00 of armory resource left). [000.005533]
2021-08-13 15:50:08,814 — battle.py — INFO — history:888 — amazones damaged. Loss: 11. [000.005633]
2021-08-13 15:50:08,814 — battle.py — INFO — history:888 — 4350394096 took damage and left 92 amazones (61% of power, 7.50 of armory resource left). [000.005633]
2021-08-13 15:50:08,814 — battle.py — INFO — history:888 — mumbhoo damaged. Loss: 9. [000.005633]
2021-08-13 15:50:08,814 — battle.py — INFO — history:888 — 4350393088 took damage and left 87 mumbhoo (72% of power, 2.50 of armory resource left). [000.005633]
2021-08-13 15:50:08,814 — battle.py — INFO — history:888 — amazones damaged. Loss: 12. [000.005733]
2021-08-13 15:50:08,814 — battle.py — INFO — history:888 — 4350394096 took damage and left 80 amazones (53% of power, 7.00 of armory resource left). [000.005733]
2021-08-13 15:50:08,814 — battle.py — INFO — history:888 — mumbhoo damaged. Loss: 9. [000.005733]
2021-08-13 15:50:08,814 — battle.py — INFO — history:888 — 4350393088 took damage and left 78 mumbhoo (65% of power, 2.00 of armory resource left). [000.005733]
2021-08-13 15:50:08,814 — battle.py — INFO — history:888 — amazones damaged. Loss: 12. [000.005833]
2021-08-13 15:50:08,814 — battle.py — INFO — history:888 — 4350394096 took damage and left 68 amazones (45% of power, 6.50 of armory resource left). [000.005833]
2021-08-13 15:50:08,814 — battle.py — INFO — history:888 — mumbhoo damaged. Loss: 9. [000.005833]
2021-08-13 15:50:08,814 — battle.py — INFO — history:888 — 4350393088 took damage and left 69 mumbhoo (57% of power, 1.50 of armory resource left). [000.005833]
2021-08-13 15:50:08,815 — battle.py — INFO — history:888 — amazones damaged. Loss: 12. [000.005933]
2021-08-13 15:50:08,815 — battle.py — INFO — history:888 — 4350394096 took damage and left 56 amazones (37% of power, 6.00 of armory resource left). [000.005933]
2021-08-13 15:50:08,815 — battle.py — INFO — history:888 — mumbhoo damaged. Loss: 10. [000.005933]
2021-08-13 15:50:08,815 — battle.py — INFO — history:888 — 4350393088 took damage and left 59 mumbhoo (49% of power, 1.00 of armory resource left). [000.005933]
2021-08-13 15:50:08,815 — battle.py — INFO — history:888 — amazones damaged. Loss: 12. [000.006033]
2021-08-13 15:50:08,815 — battle.py — INFO — history:888 — 4350394096 took damage and left 44 amazones (29% of power, 5.50 of armory resource left). [000.006033]
2021-08-13 15:50:08,815 — battle.py — INFO — history:888 — mumbhoo damaged. Loss: 8. [000.006033]
2021-08-13 15:50:08,815 — battle.py — INFO — history:888 — 4350393088 took damage and left 51 mumbhoo (42% of power, 0.50 of armory resource left). [000.006033]
2021-08-13 15:50:08,815 — battle.py — INFO — history:888 — amazones damaged. Loss: 12. [000.006133]
2021-08-13 15:50:08,815 — battle.py — INFO — history:888 — 4350394096 took damage and left 32 amazones (21% of power, 5.00 of armory resource left). [000.006133]
2021-08-13 15:50:08,815 — battle.py — INFO — history:888 — amazones of 4350394096 retreet to -370.31. Rest now. [000.006333]
2021-08-13 15:50:08,815 — battle.py — INFO — history:888 — amazones (4350394096) is regroup as 5x5+7 in -370.313. [000.006333]
2021-08-13 15:50:08,819 — battle.py — INFO — history:888 — 4350394096 did out from battleground in 511.687407407. [000.011433]
2021-08-13 15:50:08,819 — battle.py — INFO — history:888 — . [000.011533]
2021-08-13 15:50:08,819 — battle.py — INFO — history:888 — Markus (attacker) is win and up 0.106 of experience. [000.011533]
2021-08-13 15:50:08,819 — battle.py — INFO — history:888 — . [000.011533]
2021-08-13 15:50:08,819 — battle.py — INFO — history:888 — Stop battle modulation.. [000.011533]
2021-08-13 15:50:08,819 — battle.py — INFO — <module>:62 — 
