b'2021-09-19 11:07:30,206 - battle.py - INFO - <module>:48 - Defenders (466658736): 150 of amazones as Squer 12x12 + 6.'
b'2021-09-19 11:07:30,206 - battle.py - INFO - <module>:49 - Attackers (466658160): 120 of mumbhoo as Phalanx 10x12.0 + 0.0.'
b'2021-09-19 11:07:30,222 - battle.py - INFO - history:982 - amazones damaged. Loss: 12. [000.005233]'
b'2021-09-19 11:07:30,222 - battle.py - INFO - history:982 - 466658736 took damage and left 138 amazones (92% of power, 9.50 of armory resource left). [000.005233]'
b'2021-09-19 11:07:30,222 - battle.py - INFO - history:982 - mumbhoo damaged. Loss: 10. [000.005233]'
b'2021-09-19 11:07:30,222 - battle.py - INFO - history:982 - 466658160 took damage and left 110 mumbhoo (92% of power, 4.50 of armory resource left). [000.005233]'
b'2021-09-19 11:07:30,222 - battle.py - INFO - history:982 - amazones damaged. Loss: 10. [000.005333]'
b'2021-09-19 11:07:30,222 - battle.py - INFO - history:982 - 466658736 took damage and left 128 amazones (85% of power, 9.00 of armory resource left). [000.005333]'
b'2021-09-19 11:07:30,222 - battle.py - INFO - history:982 - mumbhoo damaged. Loss: 9. [000.005333]'
b'2021-09-19 11:07:30,222 - battle.py - INFO - history:982 - 466658160 took damage and left 101 mumbhoo (84% of power, 4.00 of armory resource left). [000.005333]'
b'2021-09-19 11:07:30,222 - battle.py - INFO - history:982 - amazones damaged. Loss: 12. [000.005433]'
b'2021-09-19 11:07:30,222 - battle.py - INFO - history:982 - 466658736 took damage and left 116 amazones (77% of power, 8.50 of armory resource left). [000.005433]'
b'2021-09-19 11:07:30,222 - battle.py - INFO - history:982 - mumbhoo damaged. Loss: 8. [000.005433]'
b'2021-09-19 11:07:30,222 - battle.py - INFO - history:982 - 466658160 took damage and left 93 mumbhoo (78% of power, 3.50 of armory resource left). [000.005433]'
b'2021-09-19 11:07:30,222 - battle.py - INFO - history:982 - amazones damaged. Loss: 10. [000.005533]'
b'2021-09-19 11:07:30,222 - battle.py - INFO - history:982 - 466658736 took damage and left 106 amazones (71% of power, 8.00 of armory resource left). [000.005533]'
b'2021-09-19 11:07:30,222 - battle.py - INFO - history:982 - mumbhoo damaged. Loss: 7. [000.005533]'
b'2021-09-19 11:07:30,222 - battle.py - INFO - history:982 - 466658160 took damage and left 86 mumbhoo (72% of power, 3.00 of armory resource left). [000.005533]'
b'2021-09-19 11:07:30,222 - battle.py - INFO - history:982 - amazones damaged. Loss: 12. [000.005633]'
b'2021-09-19 11:07:30,222 - battle.py - INFO - history:982 - 466658736 took damage and left 94 amazones (63% of power, 7.50 of armory resource left). [000.005633]'
b'2021-09-19 11:07:30,222 - battle.py - INFO - history:982 - mumbhoo damaged. Loss: 6. [000.005633]'
b'2021-09-19 11:07:30,222 - battle.py - INFO - history:982 - 466658160 took damage and left 80 mumbhoo (67% of power, 2.50 of armory resource left). [000.005633]'
b'2021-09-19 11:07:30,222 - battle.py - INFO - history:982 - amazones damaged. Loss: 10. [000.005733]'
b'2021-09-19 11:07:30,222 - battle.py - INFO - history:982 - 466658736 took damage and left 84 amazones (56% of power, 7.00 of armory resource left). [000.005733]'
b'2021-09-19 11:07:30,222 - battle.py - INFO - history:982 - mumbhoo damaged. Loss: 9. [000.005733]'
b'2021-09-19 11:07:30,222 - battle.py - INFO - history:982 - 466658160 took damage and left 71 mumbhoo (59% of power, 2.00 of armory resource left). [000.005733]'
b'2021-09-19 11:07:30,222 - battle.py - INFO - history:982 - amazones damaged. Loss: 12. [000.005833]'
b'2021-09-19 11:07:30,222 - battle.py - INFO - history:982 - 466658736 took damage and left 72 amazones (48% of power, 6.50 of armory resource left). [000.005833]'
b'2021-09-19 11:07:30,222 - battle.py - INFO - history:982 - mumbhoo damaged. Loss: 7. [000.005833]'
b'2021-09-19 11:07:30,222 - battle.py - INFO - history:982 - 466658160 took damage and left 64 mumbhoo (53% of power, 1.50 of armory resource left). [000.005833]'
b'2021-09-19 11:07:30,222 - battle.py - INFO - history:982 - amazones damaged. Loss: 9. [000.005933]'
b'2021-09-19 11:07:30,222 - battle.py - INFO - history:982 - 466658736 took damage and left 63 amazones (42% of power, 6.00 of armory resource left). [000.005933]'
b'2021-09-19 11:07:30,222 - battle.py - INFO - history:982 - mumbhoo damaged. Loss: 9. [000.005933]'
b'2021-09-19 11:07:30,222 - battle.py - INFO - history:982 - 466658160 took damage and left 55 mumbhoo (46% of power, 1.00 of armory resource left). [000.005933]'
b'2021-09-19 11:07:30,222 - battle.py - INFO - history:982 - amazones damaged. Loss: 12. [000.006033]'
b'2021-09-19 11:07:30,222 - battle.py - INFO - history:982 - 466658736 took damage and left 51 amazones (34% of power, 5.50 of armory resource left). [000.006033]'
b'2021-09-19 11:07:30,222 - battle.py - INFO - history:982 - mumbhoo damaged. Loss: 9. [000.006033]'
b'2021-09-19 11:07:30,222 - battle.py - INFO - history:982 - 466658160 took damage and left 46 mumbhoo (38% of power, 0.50 of armory resource left). [000.006033]'
b'2021-09-19 11:07:30,222 - battle.py - INFO - history:982 - amazones damaged. Loss: 12. [000.006133]'
b'2021-09-19 11:07:30,222 - battle.py - INFO - history:982 - 466658736 took damage and left 39 amazones (26% of power, 5.00 of armory resource left). [000.006133]'
b'2021-09-19 11:07:30,222 - battle.py - INFO - history:982 - mumbhoo damaged. Loss: 5. [000.006133]'
b'2021-09-19 11:07:30,237 - battle.py - INFO - history:982 - 466658160 took damage and left 41 mumbhoo (34% of power, 0.00 of armory resource left). [000.006133]'
b'2021-09-19 11:07:30,237 - battle.py - INFO - history:982 - 466658736 did out from battleground in 511.6874074074075. [000.011433]'
b'2021-09-19 11:07:30,237 - battle.py - INFO - history:982 - . [000.011533]'
b'2021-09-19 11:07:30,237 - battle.py - INFO - history:982 - Markus (attacker) is win and up 0.10600000000000001 of experience. [000.011533]'
b'2021-09-19 11:07:30,237 - battle.py - INFO - history:982 - . [000.011533]'
b'2021-09-19 11:07:30,237 - battle.py - INFO - history:982 - Stop battle modulation.. [000.011533]'
b'2021-09-19 11:07:30,237 - battle.py - INFO - <module>:57 - '
b'2021-09-19 17:05:35,398 - battle.py - INFO - <module>:48 - Defenders (470382000): 150 of amazones as Squer 12x12 + 6.'
b'2021-09-19 17:05:35,398 - battle.py - INFO - <module>:49 - Attackers (470381424): 120 of mumbhoo as Phalanx 10x12.0 + 0.0.'
b'2021-09-19 17:05:35,413 - battle.py - INFO - makeCommandIf:680 - Markus command: malee fight.'
b'2021-09-19 17:05:35,413 - battle.py - INFO - history:995 - amazones damaged. Loss: 12. [000.005233]'
b'2021-09-19 17:05:35,413 - battle.py - INFO - history:995 - 470382000 took damage and left 138 amazones (92% of power, 9.50 of armory resource left). [000.005233]'
b'2021-09-19 17:05:35,413 - battle.py - INFO - history:995 - mumbhoo damaged. Loss: 9. [000.005233]'
b'2021-09-19 17:05:35,413 - battle.py - INFO - history:995 - 470381424 took damage and left 111 mumbhoo (92% of power, 4.50 of armory resource left). [000.005233]'
b'2021-09-19 17:05:35,413 - battle.py - INFO - makeCommandIf:680 - Markus command: malee fight.'
b'2021-09-19 17:05:35,413 - battle.py - INFO - history:995 - amazones damaged. Loss: 12. [000.005333]'
b'2021-09-19 17:05:35,413 - battle.py - INFO - history:995 - 470382000 took damage and left 126 amazones (84% of power, 9.00 of armory resource left). [000.005333]'
b'2021-09-19 17:05:35,413 - battle.py - INFO - history:995 - mumbhoo damaged. Loss: 7. [000.005333]'
b'2021-09-19 17:05:35,413 - battle.py - INFO - history:995 - 470381424 took damage and left 104 mumbhoo (87% of power, 4.00 of armory resource left). [000.005333]'
b'2021-09-19 17:05:35,413 - battle.py - INFO - makeCommandIf:680 - Markus command: malee fight.'
b'2021-09-19 17:05:35,413 - battle.py - INFO - history:995 - amazones damaged. Loss: 9. [000.005433]'
b'2021-09-19 17:05:35,413 - battle.py - INFO - history:995 - 470382000 took damage and left 117 amazones (78% of power, 8.50 of armory resource left). [000.005433]'
b'2021-09-19 17:05:35,413 - battle.py - INFO - history:995 - mumbhoo damaged. Loss: 10. [000.005433]'
b'2021-09-19 17:05:35,413 - battle.py - INFO - history:995 - 470381424 took damage and left 94 mumbhoo (78% of power, 3.50 of armory resource left). [000.005433]'
b'2021-09-19 17:05:35,413 - battle.py - INFO - makeCommandIf:680 - Markus command: malee fight.'
b'2021-09-19 17:05:35,413 - battle.py - INFO - history:995 - amazones damaged. Loss: 9. [000.005533]'
b'2021-09-19 17:05:35,413 - battle.py - INFO - history:995 - 470382000 took damage and left 108 amazones (72% of power, 8.00 of armory resource left). [000.005533]'
b'2021-09-19 17:05:35,413 - battle.py - INFO - history:995 - mumbhoo damaged. Loss: 10. [000.005533]'
b'2021-09-19 17:05:35,413 - battle.py - INFO - history:995 - 470381424 took damage and left 84 mumbhoo (70% of power, 3.00 of armory resource left). [000.005533]'
b'2021-09-19 17:05:35,413 - battle.py - INFO - makeCommandIf:680 - Markus command: malee fight.'
b'2021-09-19 17:05:35,413 - battle.py - INFO - history:995 - amazones damaged. Loss: 12. [000.005633]'
b'2021-09-19 17:05:35,413 - battle.py - INFO - history:995 - 470382000 took damage and left 96 amazones (64% of power, 7.50 of armory resource left). [000.005633]'
b'2021-09-19 17:05:35,413 - battle.py - INFO - history:995 - mumbhoo damaged. Loss: 9. [000.005633]'
b'2021-09-19 17:05:35,413 - battle.py - INFO - history:995 - 470381424 took damage and left 75 mumbhoo (62% of power, 2.50 of armory resource left). [000.005633]'
b'2021-09-19 17:05:35,413 - battle.py - INFO - makeCommandIf:680 - Markus command: malee fight.'
b'2021-09-19 17:05:35,413 - battle.py - INFO - makeCommandIf:680 - Markus command: malee fight.'
b'2021-09-19 17:05:35,413 - battle.py - INFO - makeCommandIf:680 - Markus command: malee fight.'
b'2021-09-19 17:05:35,413 - battle.py - INFO - makeCommandIf:680 - Markus command: malee fight.'
b'2021-09-19 17:05:35,413 - battle.py - INFO - makeCommandIf:680 - Markus command: malee fight.'
b'2021-09-19 17:05:35,413 - battle.py - INFO - makeCommandIf:680 - Markus command: malee fight.'
b'2021-09-19 17:05:35,413 - battle.py - INFO - makeCommandIf:680 - Markus command: malee fight.'
b'2021-09-19 17:05:35,413 - battle.py - INFO - makeCommandIf:680 - Markus command: malee fight.'
b'2021-09-19 17:05:35,413 - battle.py - INFO - makeCommandIf:680 - Markus command: malee fight.'
b'2021-09-19 17:05:35,413 - battle.py - INFO - makeCommandIf:680 - Markus command: malee fight.'
b'2021-09-19 17:05:35,413 - battle.py - INFO - makeCommandIf:680 - Markus command: malee fight.'
b'2021-09-19 17:05:35,413 - battle.py - INFO - makeCommandIf:680 - Markus command: malee fight.'
b'2021-09-19 17:05:35,413 - battle.py - INFO - makeCommandIf:680 - Markus command: malee fight.'
b'2021-09-19 17:05:35,413 - battle.py - INFO - makeCommandIf:680 - Markus command: malee fight.'
b'2021-09-19 17:05:35,413 - battle.py - INFO - makeCommandIf:680 - Markus command: malee fight.'
b'2021-09-19 17:05:35,413 - battle.py - INFO - makeCommandIf:680 - Markus command: malee fight.'
b'2021-09-19 17:05:35,413 - battle.py - INFO - makeCommandIf:680 - Markus command: malee fight.'
b'2021-09-19 17:05:35,413 - battle.py - INFO - makeCommandIf:680 - Markus command: malee fight.'
b'2021-09-19 17:05:35,413 - battle.py - INFO - makeCommandIf:680 - Markus command: malee fight.'
b'2021-09-19 17:05:35,413 - battle.py - INFO - makeCommandIf:680 - Markus command: malee fight.'
b'2021-09-19 17:05:35,413 - battle.py - INFO - makeCommandIf:680 - Markus command: malee fight.'
b'2021-09-19 17:05:35,413 - battle.py - INFO - makeCommandIf:680 - Markus command: malee fight.'
b'2021-09-19 17:05:35,413 - battle.py - INFO - makeCommandIf:680 - Markus command: malee fight.'
b'2021-09-19 17:05:35,413 - battle.py - INFO - makeCommandIf:680 - Markus command: malee fight.'
b'2021-09-19 17:05:35,413 - battle.py - INFO - makeCommandIf:680 - Markus command: malee fight.'
b'2021-09-19 17:05:35,413 - battle.py - INFO - makeCommandIf:680 - Markus command: malee fight.'
b'2021-09-19 17:05:35,413 - battle.py - INFO - makeCommandIf:680 - Markus command: malee fight.'
b'2021-09-19 17:05:35,413 - battle.py - INFO - makeCommandIf:680 - Markus command: malee fight.'
b'2021-09-19 17:05:35,413 - battle.py - INFO - makeCommandIf:680 - Markus command: malee fight.'
b'2021-09-19 17:05:35,413 - battle.py - INFO - makeCommandIf:680 - Markus command: malee fight.'
b'2021-09-19 17:05:35,413 - battle.py - INFO - makeCommandIf:680 - Markus command: malee fight.'
b'2021-09-19 17:05:35,413 - battle.py - INFO - makeCommandIf:680 - Markus command: malee fight.'
b'2021-09-19 17:05:35,413 - battle.py - INFO - makeCommandIf:680 - Markus command: malee fight.'
b'2021-09-19 17:05:35,413 - battle.py - INFO - makeCommandIf:680 - Markus command: malee fight.'
b'2021-09-19 17:05:35,413 - battle.py - INFO - makeCommandIf:680 - Markus command: malee fight.'
b'2021-09-19 17:05:35,413 - battle.py - INFO - makeCommandIf:680 - Markus command: malee fight.'
b'2021-09-19 17:05:35,413 - battle.py - INFO - makeCommandIf:680 - Markus command: malee fight.'
b'2021-09-19 17:05:35,413 - battle.py - INFO - makeCommandIf:680 - Markus command: malee fight.'
b'2021-09-19 17:05:35,413 - battle.py - INFO - makeCommandIf:680 - Markus command: malee fight.'
b'2021-09-19 17:05:35,413 - battle.py - INFO - makeCommandIf:680 - Markus command: malee fight.'
b'2021-09-19 17:05:35,413 - battle.py - INFO - makeCommandIf:680 - Markus command: malee fight.'
b'2021-09-19 17:05:35,413 - battle.py - INFO - makeCommandIf:680 - Markus command: malee fight.'
b'2021-09-19 17:05:35,413 - battle.py - INFO - makeCommandIf:680 - Markus command: malee fight.'
b'2021-09-19 17:05:35,413 - battle.py - INFO - makeCommandIf:680 - Markus command: malee fight.'
b'2021-09-19 17:05:35,413 - battle.py - INFO - makeCommandIf:680 - Markus command: malee fight.'
b'2021-09-19 17:05:35,413 - battle.py - INFO - makeCommandIf:680 - Markus command: malee fight.'
b'2021-09-19 17:05:35,413 - battle.py - INFO - makeCommandIf:680 - Markus command: malee fight.'
b'2021-09-19 17:05:35,413 - battle.py - INFO - makeCommandIf:680 - Markus command: malee fight.'
b'2021-09-19 17:05:35,413 - battle.py - INFO - makeCommandIf:680 - Markus command: malee fight.'
b'2021-09-19 17:05:35,413 - battle.py - INFO - makeCommandIf:680 - Markus command: malee fight.'
b'2021-09-19 17:05:35,413 - battle.py - INFO - makeCommandIf:680 - Markus command: malee fight.'
b'2021-09-19 17:05:35,413 - battle.py - INFO - makeCommandIf:680 - Markus command: malee fight.'
b'2021-09-19 17:05:35,429 - battle.py - INFO - makeCommandIf:680 - Markus command: malee fight.'
b'2021-09-19 17:05:35,429 - battle.py - INFO - makeCommandIf:680 - Markus command: malee fight.'
b'2021-09-19 17:05:35,429 - battle.py - INFO - makeCommandIf:680 - Markus command: malee fight.'
b'2021-09-19 17:05:35,429 - battle.py - INFO - makeCommandIf:680 - Markus command: malee fight.'
b'2021-09-19 17:05:35,429 - battle.py - INFO - makeCommandIf:680 - Markus command: malee fight.'
b'2021-09-19 17:05:35,429 - battle.py - INFO - makeCommandIf:680 - Markus command: malee fight.'
b'2021-09-19 17:05:35,429 - battle.py - INFO - makeCommandIf:680 - Markus command: malee fight.'
b'2021-09-19 17:05:35,429 - battle.py - INFO - makeCommandIf:680 - Markus command: malee fight.'
b'2021-09-19 17:05:35,429 - battle.py - INFO - makeCommandIf:680 - Markus command: malee fight.'
b'2021-09-19 17:05:35,429 - battle.py - INFO - makeCommandIf:680 - Markus command: malee fight.'
b'2021-09-19 17:05:35,429 - battle.py - INFO - makeCommandIf:680 - Markus command: malee fight.'
b'2021-09-19 17:05:35,429 - battle.py - INFO - makeCommandIf:680 - Markus command: malee fight.'
b'2021-09-19 17:05:35,429 - battle.py - INFO - makeCommandIf:680 - Markus command: malee fight.'
b'2021-09-19 17:05:35,429 - battle.py - INFO - makeCommandIf:680 - Markus command: malee fight.'
b'2021-09-19 17:05:35,429 - battle.py - INFO - makeCommandIf:680 - Markus command: malee fight.'
b'2021-09-19 17:05:35,429 - battle.py - INFO - makeCommandIf:680 - Markus command: malee fight.'
b'2021-09-19 17:05:35,429 - battle.py - INFO - makeCommandIf:680 - Markus command: malee fight.'
b'2021-09-19 17:05:35,429 - battle.py - INFO - history:995 - 470381424 did out from battleground in -499.39259259259313. [000.010833]'
b'2021-09-19 17:05:35,429 - battle.py - INFO - history:995 - . [000.010856]'
b'2021-09-19 17:05:35,429 - battle.py - INFO - history:995 - Boudicca (defender) is win and up 0.1 of experience. [000.010856]'
b'2021-09-19 17:05:35,429 - battle.py - INFO - history:995 - . [000.010856]'
b'2021-09-19 17:05:35,429 - battle.py - INFO - history:995 - Stop battle modulation.. [000.010856]'
b'2021-09-19 17:05:35,429 - battle.py - INFO - <module>:57 - '
