b'2021-09-16 19:06:18,585 - battle.py - INFO - <module>:48 - Defenders (467739792): 150 of amazones as Squer 12x12 + 6.'
b'2021-09-16 19:06:18,585 - battle.py - INFO - <module>:49 - Attackers (467739504): 120 of mumbhoo as Phalanx 10x12.0 + 0.0.'
b'2021-09-16 19:06:18,590 - battle.py - INFO - history:981 - amazones damaged. Loss: 8. [000.005233]'
b'2021-09-16 19:06:18,590 - battle.py - INFO - history:981 - 467739792 took damage and left 142 amazones (95% of power, 9.50 of armory resource left). [000.005233]'
b'2021-09-16 19:06:18,590 - battle.py - INFO - history:981 - mumbhoo damaged. Loss: 9. [000.005233]'
b'2021-09-16 19:06:18,590 - battle.py - INFO - history:981 - 467739504 took damage and left 111 mumbhoo (92% of power, 4.50 of armory resource left). [000.005233]'
b'2021-09-16 19:06:18,591 - battle.py - INFO - history:981 - amazones damaged. Loss: 12. [000.005333]'
b'2021-09-16 19:06:18,591 - battle.py - INFO - history:981 - 467739792 took damage and left 130 amazones (87% of power, 9.00 of armory resource left). [000.005333]'
b'2021-09-16 19:06:18,591 - battle.py - INFO - history:981 - mumbhoo damaged. Loss: 7. [000.005333]'
b'2021-09-16 19:06:18,591 - battle.py - INFO - history:981 - 467739504 took damage and left 104 mumbhoo (87% of power, 4.00 of armory resource left). [000.005333]'
b'2021-09-16 19:06:18,591 - battle.py - INFO - history:981 - amazones damaged. Loss: 9. [000.005433]'
b'2021-09-16 19:06:18,591 - battle.py - INFO - history:981 - 467739792 took damage and left 121 amazones (81% of power, 8.50 of armory resource left). [000.005433]'
b'2021-09-16 19:06:18,591 - battle.py - INFO - history:981 - mumbhoo damaged. Loss: 6. [000.005433]'
b'2021-09-16 19:06:18,592 - battle.py - INFO - history:981 - 467739504 took damage and left 98 mumbhoo (82% of power, 3.50 of armory resource left). [000.005433]'
b'2021-09-16 19:06:18,592 - battle.py - INFO - history:981 - amazones damaged. Loss: 12. [000.005533]'
b'2021-09-16 19:06:18,592 - battle.py - INFO - history:981 - 467739792 took damage and left 109 amazones (73% of power, 8.00 of armory resource left). [000.005533]'
b'2021-09-16 19:06:18,592 - battle.py - INFO - history:981 - mumbhoo damaged. Loss: 7. [000.005533]'
b'2021-09-16 19:06:18,592 - battle.py - INFO - history:981 - 467739504 took damage and left 91 mumbhoo (76% of power, 3.00 of armory resource left). [000.005533]'
b'2021-09-16 19:06:18,592 - battle.py - INFO - history:981 - amazones damaged. Loss: 8. [000.005633]'
b'2021-09-16 19:06:18,592 - battle.py - INFO - history:981 - 467739792 took damage and left 101 amazones (67% of power, 7.50 of armory resource left). [000.005633]'
b'2021-09-16 19:06:18,593 - battle.py - INFO - history:981 - mumbhoo damaged. Loss: 7. [000.005633]'
b'2021-09-16 19:06:18,593 - battle.py - INFO - history:981 - 467739504 took damage and left 84 mumbhoo (70% of power, 2.50 of armory resource left). [000.005633]'
b'2021-09-16 19:06:18,593 - battle.py - INFO - history:981 - amazones damaged. Loss: 10. [000.005733]'
b'2021-09-16 19:06:18,593 - battle.py - INFO - history:981 - 467739792 took damage and left 91 amazones (61% of power, 7.00 of armory resource left). [000.005733]'
b'2021-09-16 19:06:18,593 - battle.py - INFO - history:981 - mumbhoo damaged. Loss: 1. [000.005733]'
b'2021-09-16 19:06:18,593 - battle.py - INFO - history:981 - 467739504 took damage and left 83 mumbhoo (69% of power, 2.00 of armory resource left). [000.005733]'
b'2021-09-16 19:06:18,594 - battle.py - INFO - history:981 - amazones damaged. Loss: 12. [000.005833]'
b'2021-09-16 19:06:18,594 - battle.py - INFO - history:981 - 467739792 took damage and left 79 amazones (53% of power, 6.50 of armory resource left). [000.005833]'
b'2021-09-16 19:06:18,594 - battle.py - INFO - distributeDamage:1279 - 467739504 has not lose from enemy attack.'
b'2021-09-16 19:06:18,594 - battle.py - INFO - history:981 - amazones damaged. Loss: 10. [000.005933]'
b'2021-09-16 19:06:18,594 - battle.py - INFO - history:981 - 467739792 took damage and left 69 amazones (46% of power, 6.00 of armory resource left). [000.005933]'
b'2021-09-16 19:06:18,594 - battle.py - INFO - history:981 - mumbhoo damaged. Loss: 1. [000.005933]'
b'2021-09-16 19:06:18,594 - battle.py - INFO - history:981 - 467739504 took damage and left 82 mumbhoo (68% of power, 1.00 of armory resource left). [000.005933]'
b'2021-09-16 19:06:18,595 - battle.py - INFO - history:981 - Stop battle modulation.. [000.006033]'
b'2021-09-16 19:06:18,595 - battle.py - INFO - <module>:57 - '
b'2021-09-16 19:07:38,591 - battle.py - INFO - <module>:48 - Defenders (466654640): 150 of amazones as Squer 12x12 + 6.'
b'2021-09-16 19:07:38,591 - battle.py - INFO - <module>:49 - Attackers (466654064): 120 of mumbhoo as Phalanx 10x12.0 + 0.0.'
b'2021-09-16 19:07:38,596 - battle.py - INFO - history:981 - amazones damaged. Loss: 11. [000.005233]'
b'2021-09-16 19:07:38,596 - battle.py - INFO - history:981 - 466654640 took damage and left 139 amazones (93% of power, 9.50 of armory resource left). [000.005233]'
b'2021-09-16 19:07:38,597 - battle.py - INFO - history:981 - mumbhoo damaged. Loss: 7. [000.005233]'
b'2021-09-16 19:07:38,597 - battle.py - INFO - history:981 - 466654064 took damage and left 113 mumbhoo (94% of power, 4.50 of armory resource left). [000.005233]'
b'2021-09-16 19:07:38,597 - battle.py - INFO - history:981 - amazones damaged. Loss: 12. [000.005333]'
b'2021-09-16 19:07:38,597 - battle.py - INFO - history:981 - 466654640 took damage and left 127 amazones (85% of power, 9.00 of armory resource left). [000.005333]'
b'2021-09-16 19:07:38,597 - battle.py - INFO - history:981 - mumbhoo damaged. Loss: 10. [000.005333]'
b'2021-09-16 19:07:38,597 - battle.py - INFO - history:981 - 466654064 took damage and left 103 mumbhoo (86% of power, 4.00 of armory resource left). [000.005333]'
b'2021-09-16 19:07:38,598 - battle.py - INFO - history:981 - amazones damaged. Loss: 11. [000.005433]'
b'2021-09-16 19:07:38,598 - battle.py - INFO - history:981 - 466654640 took damage and left 116 amazones (77% of power, 8.50 of armory resource left). [000.005433]'
b'2021-09-16 19:07:38,598 - battle.py - INFO - history:981 - mumbhoo damaged. Loss: 9. [000.005433]'
b'2021-09-16 19:07:38,598 - battle.py - INFO - history:981 - 466654064 took damage and left 94 mumbhoo (78% of power, 3.50 of armory resource left). [000.005433]'
b'2021-09-16 19:07:38,598 - battle.py - INFO - history:981 - amazones damaged. Loss: 12. [000.005533]'
b'2021-09-16 19:07:38,598 - battle.py - INFO - history:981 - 466654640 took damage and left 104 amazones (69% of power, 8.00 of armory resource left). [000.005533]'
b'2021-09-16 19:07:38,598 - battle.py - INFO - history:981 - mumbhoo damaged. Loss: 9. [000.005533]'
b'2021-09-16 19:07:38,599 - battle.py - INFO - history:981 - 466654064 took damage and left 85 mumbhoo (71% of power, 3.00 of armory resource left). [000.005533]'
b'2021-09-16 19:07:38,599 - battle.py - INFO - history:981 - amazones damaged. Loss: 12. [000.005633]'
b'2021-09-16 19:07:38,599 - battle.py - INFO - history:981 - 466654640 took damage and left 92 amazones (61% of power, 7.50 of armory resource left). [000.005633]'
b'2021-09-16 19:07:38,599 - battle.py - INFO - history:981 - mumbhoo damaged. Loss: 10. [000.005633]'
b'2021-09-16 19:07:38,599 - battle.py - INFO - history:981 - 466654064 took damage and left 75 mumbhoo (62% of power, 2.50 of armory resource left). [000.005633]'
b'2021-09-16 19:07:38,600 - battle.py - INFO - history:981 - amazones damaged. Loss: 11. [000.005733]'
b'2021-09-16 19:07:38,600 - battle.py - INFO - history:981 - 466654640 took damage and left 81 amazones (54% of power, 7.00 of armory resource left). [000.005733]'
b'2021-09-16 19:07:38,600 - battle.py - INFO - history:981 - mumbhoo damaged. Loss: 9. [000.005733]'
b'2021-09-16 19:07:38,600 - battle.py - INFO - history:981 - 466654064 took damage and left 66 mumbhoo (55% of power, 2.00 of armory resource left). [000.005733]'
b'2021-09-16 19:07:38,600 - battle.py - INFO - history:981 - amazones damaged. Loss: 12. [000.005833]'
b'2021-09-16 19:07:38,600 - battle.py - INFO - history:981 - 466654640 took damage and left 69 amazones (46% of power, 6.50 of armory resource left). [000.005833]'
b'2021-09-16 19:07:38,600 - battle.py - INFO - history:981 - mumbhoo damaged. Loss: 9. [000.005833]'
b'2021-09-16 19:07:38,601 - battle.py - INFO - history:981 - 466654064 took damage and left 57 mumbhoo (48% of power, 1.50 of armory resource left). [000.005833]'
b'2021-09-16 19:07:38,601 - battle.py - INFO - history:981 - amazones damaged. Loss: 11. [000.005933]'
b'2021-09-16 19:07:38,601 - battle.py - INFO - history:981 - 466654640 took damage and left 58 amazones (39% of power, 6.00 of armory resource left). [000.005933]'
b'2021-09-16 19:07:38,601 - battle.py - INFO - history:981 - mumbhoo damaged. Loss: 10. [000.005933]'
b'2021-09-16 19:07:38,601 - battle.py - INFO - history:981 - 466654064 took damage and left 47 mumbhoo (39% of power, 1.00 of armory resource left). [000.005933]'
b'2021-09-16 19:07:38,601 - battle.py - INFO - history:981 - amazones damaged. Loss: 12. [000.006033]'
b'2021-09-16 19:07:38,602 - battle.py - INFO - history:981 - 466654640 took damage and left 46 amazones (31% of power, 5.50 of armory resource left). [000.006033]'
b'2021-09-16 19:07:38,602 - battle.py - INFO - history:981 - mumbhoo damaged. Loss: 7. [000.006033]'
b'2021-09-16 19:07:38,602 - battle.py - INFO - history:981 - 466654064 took damage and left 40 mumbhoo (33% of power, 0.50 of armory resource left). [000.006033]'
b'2021-09-16 19:07:38,602 - battle.py - INFO - history:981 - amazones damaged. Loss: 8. [000.006133]'
b'2021-09-16 19:07:38,602 - battle.py - INFO - history:981 - 466654640 took damage and left 38 amazones (25% of power, 5.00 of armory resource left). [000.006133]'
b'2021-09-16 19:07:38,602 - battle.py - INFO - history:981 - mumbhoo damaged. Loss: 9. [000.006133]'
b'2021-09-16 19:07:38,603 - battle.py - INFO - history:981 - 466654064 took damage and left 31 mumbhoo (26% of power, 0.00 of armory resource left). [000.006133]'
b'2021-09-16 19:07:38,603 - battle.py - INFO - history:981 - amazones damaged. Loss: 12. [000.006233]'
b'2021-09-16 19:07:38,603 - battle.py - INFO - history:981 - 466654640 took damage and left 26 amazones (17% of power, 4.50 of armory resource left). [000.006233]'
b'2021-09-16 19:07:38,603 - battle.py - INFO - history:981 - mumbhoo damaged. Loss: 10. [000.006233]'
b'2021-09-16 19:07:38,603 - battle.py - INFO - history:981 - 466654064 took damage and left 21 mumbhoo (18% of power, 0.00 of armory resource left). [000.006233]'
b'2021-09-16 19:07:38,604 - battle.py - INFO - history:981 - amazones damaged. Loss: 11. [000.006533]'
b'2021-09-16 19:07:38,604 - battle.py - INFO - history:981 - 466654640 took damage and left 15 amazones (10% of power, 4.00 of armory resource left). [000.006533]'
b'2021-09-16 19:07:38,604 - battle.py - INFO - history:981 - mumbhoo damaged. Loss: 10. [000.006533]'
b'2021-09-16 19:07:38,604 - battle.py - INFO - history:981 - 466654064 took damage and left 11 mumbhoo (9% of power, 0.00 of armory resource left). [000.006533]'
b'2021-09-16 19:07:38,609 - battle.py - INFO - history:981 - 466654640 did out from battleground in 511.6874074074075. [000.011833]'
b'2021-09-16 19:07:38,609 - battle.py - INFO - history:981 - . [000.011933]'
b'2021-09-16 19:07:38,609 - battle.py - INFO - history:981 - Markus (attacker) is win and up 0.10600000000000001 of experience. [000.011933]'
b'2021-09-16 19:07:38,610 - battle.py - INFO - history:981 - . [000.011933]'
b'2021-09-16 19:09:22,015 - battle.py - INFO - <module>:48 - Defenders (467748272): 150 of amazones as Squer 12x12 + 6.'
b'2021-09-16 19:09:22,015 - battle.py - INFO - <module>:49 - Attackers (467747696): 120 of mumbhoo as Phalanx 10x12.0 + 0.0.'
b'2021-09-16 19:09:22,019 - battle.py - INFO - history:982 - amazones damaged. Loss: 8. [000.005233]'
b'2021-09-16 19:09:22,020 - battle.py - INFO - history:982 - 467748272 took damage and left 142 amazones (95% of power, 9.50 of armory resource left). [000.005233]'
b'2021-09-16 19:09:22,020 - battle.py - INFO - history:982 - mumbhoo damaged. Loss: 6. [000.005233]'
b'2021-09-16 19:09:22,020 - battle.py - INFO - history:982 - 467747696 took damage and left 114 mumbhoo (95% of power, 4.50 of armory resource left). [000.005233]'
b'2021-09-16 19:09:22,020 - battle.py - INFO - history:982 - amazones damaged. Loss: 11. [000.005333]'
b'2021-09-16 19:09:22,020 - battle.py - INFO - history:982 - 467748272 took damage and left 131 amazones (87% of power, 9.00 of armory resource left). [000.005333]'
b'2021-09-16 19:09:22,020 - battle.py - INFO - history:982 - mumbhoo damaged. Loss: 10. [000.005333]'
b'2021-09-16 19:09:22,020 - battle.py - INFO - history:982 - 467747696 took damage and left 104 mumbhoo (87% of power, 4.00 of armory resource left). [000.005333]'
b'2021-09-16 19:09:22,021 - battle.py - INFO - history:982 - amazones damaged. Loss: 11. [000.005433]'
b'2021-09-16 19:09:22,021 - battle.py - INFO - history:982 - 467748272 took damage and left 120 amazones (80% of power, 8.50 of armory resource left). [000.005433]'
b'2021-09-16 19:09:22,021 - battle.py - INFO - history:982 - mumbhoo damaged. Loss: 10. [000.005433]'
b'2021-09-16 19:09:22,021 - battle.py - INFO - history:982 - 467747696 took damage and left 94 mumbhoo (78% of power, 3.50 of armory resource left). [000.005433]'
b'2021-09-16 19:09:22,021 - battle.py - INFO - history:982 - amazones damaged. Loss: 12. [000.005533]'
b'2021-09-16 19:09:22,021 - battle.py - INFO - history:982 - 467748272 took damage and left 108 amazones (72% of power, 8.00 of armory resource left). [000.005533]'
b'2021-09-16 19:09:22,022 - battle.py - INFO - history:982 - mumbhoo damaged. Loss: 6. [000.005533]'
b'2021-09-16 19:09:22,022 - battle.py - INFO - history:982 - 467747696 took damage and left 88 mumbhoo (73% of power, 3.00 of armory resource left). [000.005533]'
b'2021-09-16 19:09:22,022 - battle.py - INFO - history:982 - amazones damaged. Loss: 12. [000.005633]'
b'2021-09-16 19:09:22,022 - battle.py - INFO - history:982 - 467748272 took damage and left 96 amazones (64% of power, 7.50 of armory resource left). [000.005633]'
b'2021-09-16 19:09:22,022 - battle.py - INFO - history:982 - mumbhoo damaged. Loss: 10. [000.005633]'
b'2021-09-16 19:09:22,022 - battle.py - INFO - history:982 - 467747696 took damage and left 78 mumbhoo (65% of power, 2.50 of armory resource left). [000.005633]'
b'2021-09-16 19:09:22,023 - battle.py - INFO - history:982 - amazones damaged. Loss: 9. [000.005733]'
b'2021-09-16 19:09:22,023 - battle.py - INFO - history:982 - 467748272 took damage and left 87 amazones (58% of power, 7.00 of armory resource left). [000.005733]'
b'2021-09-16 19:09:22,023 - battle.py - INFO - history:982 - mumbhoo damaged. Loss: 10. [000.005733]'
b'2021-09-16 19:09:22,023 - battle.py - INFO - history:982 - 467747696 took damage and left 68 mumbhoo (57% of power, 2.00 of armory resource left). [000.005733]'
b'2021-09-16 19:09:22,023 - battle.py - INFO - history:982 - amazones damaged. Loss: 12. [000.005833]'
b'2021-09-16 19:09:22,023 - battle.py - INFO - history:982 - 467748272 took damage and left 75 amazones (50% of power, 6.50 of armory resource left). [000.005833]'
b'2021-09-16 19:09:22,023 - battle.py - INFO - history:982 - mumbhoo damaged. Loss: 9. [000.005833]'
b'2021-09-16 19:09:22,024 - battle.py - INFO - history:982 - 467747696 took damage and left 59 mumbhoo (49% of power, 1.50 of armory resource left). [000.005833]'
b'2021-09-16 19:09:22,024 - battle.py - INFO - history:982 - amazones damaged. Loss: 10. [000.005933]'
b'2021-09-16 19:09:22,024 - battle.py - INFO - history:982 - 467748272 took damage and left 65 amazones (43% of power, 6.00 of armory resource left). [000.005933]'
b'2021-09-16 19:09:22,024 - battle.py - INFO - history:982 - mumbhoo damaged. Loss: 9. [000.005933]'
b'2021-09-16 19:09:22,024 - battle.py - INFO - history:982 - 467747696 took damage and left 50 mumbhoo (42% of power, 1.00 of armory resource left). [000.005933]'
b'2021-09-16 19:09:22,024 - battle.py - INFO - history:982 - amazones damaged. Loss: 12. [000.006033]'
b'2021-09-16 19:09:22,025 - battle.py - INFO - history:982 - 467748272 took damage and left 53 amazones (35% of power, 5.50 of armory resource left). [000.006033]'
b'2021-09-16 19:09:22,025 - battle.py - INFO - history:982 - mumbhoo damaged. Loss: 9. [000.006033]'
b'2021-09-16 19:09:22,025 - battle.py - INFO - history:982 - 467747696 took damage and left 41 mumbhoo (34% of power, 0.50 of armory resource left). [000.006033]'
b'2021-09-16 19:09:22,025 - battle.py - INFO - history:982 - amazones damaged. Loss: 9. [000.006133]'
b'2021-09-16 19:09:22,025 - battle.py - INFO - history:982 - 467748272 took damage and left 44 amazones (29% of power, 5.00 of armory resource left). [000.006133]'
b'2021-09-16 19:09:22,025 - battle.py - INFO - history:982 - mumbhoo damaged. Loss: 7. [000.006133]'
b'2021-09-16 19:09:22,025 - battle.py - INFO - history:982 - 467747696 took damage and left 34 mumbhoo (28% of power, 0.00 of armory resource left). [000.006133]'
b'2021-09-16 19:09:22,026 - battle.py - INFO - history:982 - amazones damaged. Loss: 11. [000.006233]'
b'2021-09-16 19:09:22,026 - battle.py - INFO - history:982 - 467748272 took damage and left 33 amazones (22% of power, 4.50 of armory resource left). [000.006233]'
b'2021-09-16 19:09:22,026 - battle.py - INFO - history:982 - mumbhoo damaged. Loss: 10. [000.006233]'
b'2021-09-16 19:09:22,026 - battle.py - INFO - history:982 - 467747696 took damage and left 24 mumbhoo (20% of power, 0.00 of armory resource left). [000.006233]'
b'2021-09-16 19:09:22,026 - battle.py - INFO - history:982 - amazones damaged. Loss: 8. [000.006533]'
b'2021-09-16 19:09:22,027 - battle.py - INFO - history:982 - 467748272 took damage and left 25 amazones (17% of power, 4.00 of armory resource left). [000.006533]'
b'2021-09-16 19:09:22,027 - battle.py - INFO - history:982 - mumbhoo damaged. Loss: 10. [000.006533]'
b'2021-09-16 19:09:22,027 - battle.py - INFO - history:982 - 467747696 took damage and left 14 mumbhoo (12% of power, 0.00 of armory resource left). [000.006533]'
b'2021-09-16 19:09:22,035 - battle.py - INFO - history:982 - 467747696 did out from battleground in -499.5971380471374. [000.011745]'
b'2021-09-16 19:09:22,035 - battle.py - INFO - history:982 - . [000.011756]'
b'2021-09-16 19:09:22,035 - battle.py - INFO - history:982 - Boudicca (defender) is win and up 0.1 of experience. [000.011756]'
b'2021-09-16 19:09:22,035 - battle.py - INFO - history:982 - . [000.011756]'
b'2021-09-16 19:09:22,036 - battle.py - INFO - history:982 - Stop battle modulation.. [000.011756]'
b'2021-09-16 19:09:22,036 - battle.py - INFO - <module>:57 - '
